[2026-02-12T06:45:01.870+0000] {processor.py:161} INFO - Started process (PID=30) to work on /opt/airflow/dags/analyzer.py
[2026-02-12T06:45:01.871+0000] {processor.py:830} INFO - Processing file /opt/airflow/dags/analyzer.py for tasks to queue
[2026-02-12T06:45:01.873+0000] {logging_mixin.py:188} INFO - [2026-02-12T06:45:01.873+0000] {dagbag.py:545} INFO - Filling up the DagBag from /opt/airflow/dags/analyzer.py
[2026-02-12T06:45:01.894+0000] {processor.py:840} INFO - DAG(s) 'log_analyzer_pipeline' retrieved from /opt/airflow/dags/analyzer.py
[2026-02-12T06:45:02.041+0000] {logging_mixin.py:188} INFO - [2026-02-12T06:45:02.040+0000] {override.py:1829} INFO - Created Permission View: can delete on DAG:log_analyzer_pipeline
[2026-02-12T06:45:02.045+0000] {logging_mixin.py:188} INFO - [2026-02-12T06:45:02.044+0000] {override.py:1829} INFO - Created Permission View: can edit on DAG:log_analyzer_pipeline
[2026-02-12T06:45:02.047+0000] {logging_mixin.py:188} INFO - [2026-02-12T06:45:02.047+0000] {override.py:1829} INFO - Created Permission View: can read on DAG:log_analyzer_pipeline
[2026-02-12T06:45:02.047+0000] {logging_mixin.py:188} INFO - [2026-02-12T06:45:02.047+0000] {dag.py:3096} INFO - Sync 1 DAGs
[2026-02-12T06:45:02.052+0000] {logging_mixin.py:188} INFO - [2026-02-12T06:45:02.052+0000] {dag.py:3118} INFO - Creating ORM DAG for log_analyzer_pipeline
[2026-02-12T06:45:02.058+0000] {logging_mixin.py:188} INFO - [2026-02-12T06:45:02.058+0000] {dag.py:3954} INFO - Setting next_dagrun for log_analyzer_pipeline to 2026-02-11 00:00:00+00:00, run_after=2026-02-12 00:00:00+00:00
[2026-02-12T06:45:02.063+0000] {processor.py:183} INFO - Processing /opt/airflow/dags/analyzer.py took 0.203 seconds
[2026-02-12T06:45:32.189+0000] {processor.py:161} INFO - Started process (PID=31) to work on /opt/airflow/dags/analyzer.py
[2026-02-12T06:45:32.191+0000] {processor.py:830} INFO - Processing file /opt/airflow/dags/analyzer.py for tasks to queue
[2026-02-12T06:45:32.193+0000] {logging_mixin.py:188} INFO - [2026-02-12T06:45:32.192+0000] {dagbag.py:545} INFO - Filling up the DagBag from /opt/airflow/dags/analyzer.py
[2026-02-12T06:45:32.227+0000] {processor.py:840} INFO - DAG(s) 'log_analyzer_pipeline' retrieved from /opt/airflow/dags/analyzer.py
[2026-02-12T06:45:32.272+0000] {logging_mixin.py:188} INFO - [2026-02-12T06:45:32.272+0000] {dag.py:3096} INFO - Sync 1 DAGs
[2026-02-12T06:45:32.306+0000] {logging_mixin.py:188} INFO - [2026-02-12T06:45:32.306+0000] {dag.py:3954} INFO - Setting next_dagrun for log_analyzer_pipeline to 2026-02-11 00:00:00+00:00, run_after=2026-02-12 00:00:00+00:00
[2026-02-12T06:45:32.318+0000] {processor.py:183} INFO - Processing /opt/airflow/dags/analyzer.py took 0.141 seconds
[2026-02-12T06:46:02.633+0000] {processor.py:161} INFO - Started process (PID=32) to work on /opt/airflow/dags/analyzer.py
[2026-02-12T06:46:02.634+0000] {processor.py:830} INFO - Processing file /opt/airflow/dags/analyzer.py for tasks to queue
[2026-02-12T06:46:02.641+0000] {logging_mixin.py:188} INFO - [2026-02-12T06:46:02.640+0000] {dagbag.py:545} INFO - Filling up the DagBag from /opt/airflow/dags/analyzer.py
[2026-02-12T06:46:02.684+0000] {processor.py:840} INFO - DAG(s) 'log_analyzer_pipeline' retrieved from /opt/airflow/dags/analyzer.py
[2026-02-12T06:46:02.759+0000] {logging_mixin.py:188} INFO - [2026-02-12T06:46:02.759+0000] {dag.py:3096} INFO - Sync 1 DAGs
[2026-02-12T06:46:02.807+0000] {logging_mixin.py:188} INFO - [2026-02-12T06:46:02.807+0000] {dag.py:3954} INFO - Setting next_dagrun for log_analyzer_pipeline to 2026-02-11 00:00:00+00:00, run_after=2026-02-12 00:00:00+00:00
[2026-02-12T06:46:02.820+0000] {processor.py:183} INFO - Processing /opt/airflow/dags/analyzer.py took 0.201 seconds
[2026-02-12T06:46:32.941+0000] {processor.py:161} INFO - Started process (PID=33) to work on /opt/airflow/dags/analyzer.py
[2026-02-12T06:46:32.942+0000] {processor.py:830} INFO - Processing file /opt/airflow/dags/analyzer.py for tasks to queue
[2026-02-12T06:46:32.944+0000] {logging_mixin.py:188} INFO - [2026-02-12T06:46:32.944+0000] {dagbag.py:545} INFO - Filling up the DagBag from /opt/airflow/dags/analyzer.py
[2026-02-12T06:46:32.966+0000] {processor.py:840} INFO - DAG(s) 'log_analyzer_pipeline' retrieved from /opt/airflow/dags/analyzer.py
[2026-02-12T06:46:33.073+0000] {logging_mixin.py:188} INFO - [2026-02-12T06:46:33.073+0000] {dag.py:3096} INFO - Sync 1 DAGs
[2026-02-12T06:46:33.097+0000] {logging_mixin.py:188} INFO - [2026-02-12T06:46:33.097+0000] {dag.py:3954} INFO - Setting next_dagrun for log_analyzer_pipeline to 2026-02-11 00:00:00+00:00, run_after=2026-02-12 00:00:00+00:00
[2026-02-12T06:46:33.111+0000] {processor.py:183} INFO - Processing /opt/airflow/dags/analyzer.py took 0.183 seconds
[2026-02-12T06:47:03.468+0000] {processor.py:161} INFO - Started process (PID=34) to work on /opt/airflow/dags/analyzer.py
[2026-02-12T06:47:03.469+0000] {processor.py:830} INFO - Processing file /opt/airflow/dags/analyzer.py for tasks to queue
[2026-02-12T06:47:03.472+0000] {logging_mixin.py:188} INFO - [2026-02-12T06:47:03.471+0000] {dagbag.py:545} INFO - Filling up the DagBag from /opt/airflow/dags/analyzer.py
[2026-02-12T06:47:03.490+0000] {processor.py:840} INFO - DAG(s) 'log_analyzer_pipeline' retrieved from /opt/airflow/dags/analyzer.py
[2026-02-12T06:47:03.524+0000] {logging_mixin.py:188} INFO - [2026-02-12T06:47:03.524+0000] {dag.py:3096} INFO - Sync 1 DAGs
[2026-02-12T06:47:03.540+0000] {logging_mixin.py:188} INFO - [2026-02-12T06:47:03.539+0000] {dag.py:3954} INFO - Setting next_dagrun for log_analyzer_pipeline to 2026-02-12 00:00:00+00:00, run_after=2026-02-13 00:00:00+00:00
[2026-02-12T06:47:03.547+0000] {processor.py:183} INFO - Processing /opt/airflow/dags/analyzer.py took 0.086 seconds
[2026-02-12T06:47:33.765+0000] {processor.py:161} INFO - Started process (PID=35) to work on /opt/airflow/dags/analyzer.py
[2026-02-12T06:47:33.766+0000] {processor.py:830} INFO - Processing file /opt/airflow/dags/analyzer.py for tasks to queue
[2026-02-12T06:47:33.769+0000] {logging_mixin.py:188} INFO - [2026-02-12T06:47:33.768+0000] {dagbag.py:545} INFO - Filling up the DagBag from /opt/airflow/dags/analyzer.py
[2026-02-12T06:47:33.782+0000] {processor.py:840} INFO - DAG(s) 'log_analyzer_pipeline' retrieved from /opt/airflow/dags/analyzer.py
[2026-02-12T06:47:33.804+0000] {logging_mixin.py:188} INFO - [2026-02-12T06:47:33.804+0000] {dag.py:3096} INFO - Sync 1 DAGs
[2026-02-12T06:47:33.820+0000] {logging_mixin.py:188} INFO - [2026-02-12T06:47:33.820+0000] {dag.py:3954} INFO - Setting next_dagrun for log_analyzer_pipeline to 2026-02-12 00:00:00+00:00, run_after=2026-02-13 00:00:00+00:00
[2026-02-12T06:47:33.835+0000] {processor.py:183} INFO - Processing /opt/airflow/dags/analyzer.py took 0.078 seconds
[2026-02-12T06:48:03.982+0000] {processor.py:161} INFO - Started process (PID=36) to work on /opt/airflow/dags/analyzer.py
[2026-02-12T06:48:03.983+0000] {processor.py:830} INFO - Processing file /opt/airflow/dags/analyzer.py for tasks to queue
[2026-02-12T06:48:03.985+0000] {logging_mixin.py:188} INFO - [2026-02-12T06:48:03.985+0000] {dagbag.py:545} INFO - Filling up the DagBag from /opt/airflow/dags/analyzer.py
[2026-02-12T06:48:04.003+0000] {processor.py:840} INFO - DAG(s) 'log_analyzer_pipeline' retrieved from /opt/airflow/dags/analyzer.py
[2026-02-12T06:48:04.023+0000] {logging_mixin.py:188} INFO - [2026-02-12T06:48:04.023+0000] {dag.py:3096} INFO - Sync 1 DAGs
[2026-02-12T06:48:04.036+0000] {logging_mixin.py:188} INFO - [2026-02-12T06:48:04.036+0000] {dag.py:3954} INFO - Setting next_dagrun for log_analyzer_pipeline to 2026-02-12 00:00:00+00:00, run_after=2026-02-13 00:00:00+00:00
[2026-02-12T06:48:04.045+0000] {processor.py:183} INFO - Processing /opt/airflow/dags/analyzer.py took 0.068 seconds
[2026-02-12T06:48:34.367+0000] {processor.py:161} INFO - Started process (PID=37) to work on /opt/airflow/dags/analyzer.py
[2026-02-12T06:48:34.369+0000] {processor.py:830} INFO - Processing file /opt/airflow/dags/analyzer.py for tasks to queue
[2026-02-12T06:48:34.384+0000] {logging_mixin.py:188} INFO - [2026-02-12T06:48:34.379+0000] {dagbag.py:545} INFO - Filling up the DagBag from /opt/airflow/dags/analyzer.py
[2026-02-12T06:48:34.413+0000] {processor.py:840} INFO - DAG(s) 'log_analyzer_pipeline' retrieved from /opt/airflow/dags/analyzer.py
[2026-02-12T06:48:34.459+0000] {logging_mixin.py:188} INFO - [2026-02-12T06:48:34.458+0000] {dag.py:3096} INFO - Sync 1 DAGs
[2026-02-12T06:48:34.482+0000] {logging_mixin.py:188} INFO - [2026-02-12T06:48:34.482+0000] {dag.py:3954} INFO - Setting next_dagrun for log_analyzer_pipeline to 2026-02-12 00:00:00+00:00, run_after=2026-02-13 00:00:00+00:00
[2026-02-12T06:48:34.489+0000] {processor.py:183} INFO - Processing /opt/airflow/dags/analyzer.py took 0.129 seconds
[2026-02-12T06:49:04.694+0000] {processor.py:161} INFO - Started process (PID=38) to work on /opt/airflow/dags/analyzer.py
[2026-02-12T06:49:04.695+0000] {processor.py:830} INFO - Processing file /opt/airflow/dags/analyzer.py for tasks to queue
[2026-02-12T06:49:04.697+0000] {logging_mixin.py:188} INFO - [2026-02-12T06:49:04.696+0000] {dagbag.py:545} INFO - Filling up the DagBag from /opt/airflow/dags/analyzer.py
[2026-02-12T06:49:04.710+0000] {processor.py:840} INFO - DAG(s) 'log_analyzer_pipeline' retrieved from /opt/airflow/dags/analyzer.py
[2026-02-12T06:49:04.731+0000] {logging_mixin.py:188} INFO - [2026-02-12T06:49:04.731+0000] {dag.py:3096} INFO - Sync 1 DAGs
[2026-02-12T06:49:04.747+0000] {logging_mixin.py:188} INFO - [2026-02-12T06:49:04.747+0000] {dag.py:3954} INFO - Setting next_dagrun for log_analyzer_pipeline to 2026-02-12 00:00:00+00:00, run_after=2026-02-13 00:00:00+00:00
[2026-02-12T06:49:04.758+0000] {processor.py:183} INFO - Processing /opt/airflow/dags/analyzer.py took 0.070 seconds
[2026-02-12T06:49:35.051+0000] {processor.py:161} INFO - Started process (PID=39) to work on /opt/airflow/dags/analyzer.py
[2026-02-12T06:49:35.052+0000] {processor.py:830} INFO - Processing file /opt/airflow/dags/analyzer.py for tasks to queue
[2026-02-12T06:49:35.054+0000] {logging_mixin.py:188} INFO - [2026-02-12T06:49:35.053+0000] {dagbag.py:545} INFO - Filling up the DagBag from /opt/airflow/dags/analyzer.py
[2026-02-12T06:49:35.074+0000] {processor.py:840} INFO - DAG(s) 'log_analyzer_pipeline' retrieved from /opt/airflow/dags/analyzer.py
[2026-02-12T06:49:35.095+0000] {logging_mixin.py:188} INFO - [2026-02-12T06:49:35.095+0000] {dag.py:3096} INFO - Sync 1 DAGs
[2026-02-12T06:49:35.108+0000] {logging_mixin.py:188} INFO - [2026-02-12T06:49:35.108+0000] {dag.py:3954} INFO - Setting next_dagrun for log_analyzer_pipeline to 2026-02-12 00:00:00+00:00, run_after=2026-02-13 00:00:00+00:00
[2026-02-12T06:49:35.124+0000] {processor.py:183} INFO - Processing /opt/airflow/dags/analyzer.py took 0.079 seconds
[2026-02-12T06:50:05.424+0000] {processor.py:161} INFO - Started process (PID=40) to work on /opt/airflow/dags/analyzer.py
[2026-02-12T06:50:05.425+0000] {processor.py:830} INFO - Processing file /opt/airflow/dags/analyzer.py for tasks to queue
[2026-02-12T06:50:05.428+0000] {logging_mixin.py:188} INFO - [2026-02-12T06:50:05.427+0000] {dagbag.py:545} INFO - Filling up the DagBag from /opt/airflow/dags/analyzer.py
[2026-02-12T06:50:05.441+0000] {processor.py:840} INFO - DAG(s) 'log_analyzer_pipeline' retrieved from /opt/airflow/dags/analyzer.py
[2026-02-12T06:50:05.457+0000] {logging_mixin.py:188} INFO - [2026-02-12T06:50:05.457+0000] {dag.py:3096} INFO - Sync 1 DAGs
[2026-02-12T06:50:05.480+0000] {logging_mixin.py:188} INFO - [2026-02-12T06:50:05.480+0000] {dag.py:3954} INFO - Setting next_dagrun for log_analyzer_pipeline to 2026-02-12 00:00:00+00:00, run_after=2026-02-13 00:00:00+00:00
[2026-02-12T06:50:05.488+0000] {processor.py:183} INFO - Processing /opt/airflow/dags/analyzer.py took 0.078 seconds
[2026-02-12T06:50:35.834+0000] {processor.py:161} INFO - Started process (PID=41) to work on /opt/airflow/dags/analyzer.py
[2026-02-12T06:50:35.835+0000] {processor.py:830} INFO - Processing file /opt/airflow/dags/analyzer.py for tasks to queue
[2026-02-12T06:50:35.837+0000] {logging_mixin.py:188} INFO - [2026-02-12T06:50:35.837+0000] {dagbag.py:545} INFO - Filling up the DagBag from /opt/airflow/dags/analyzer.py
[2026-02-12T06:50:35.860+0000] {processor.py:840} INFO - DAG(s) 'log_analyzer_pipeline' retrieved from /opt/airflow/dags/analyzer.py
[2026-02-12T06:50:35.889+0000] {logging_mixin.py:188} INFO - [2026-02-12T06:50:35.889+0000] {dag.py:3096} INFO - Sync 1 DAGs
[2026-02-12T06:50:35.907+0000] {logging_mixin.py:188} INFO - [2026-02-12T06:50:35.907+0000] {dag.py:3954} INFO - Setting next_dagrun for log_analyzer_pipeline to 2026-02-12 00:00:00+00:00, run_after=2026-02-13 00:00:00+00:00
[2026-02-12T06:50:35.919+0000] {processor.py:183} INFO - Processing /opt/airflow/dags/analyzer.py took 0.090 seconds
[2026-02-12T06:51:06.152+0000] {processor.py:161} INFO - Started process (PID=42) to work on /opt/airflow/dags/analyzer.py
[2026-02-12T06:51:06.154+0000] {processor.py:830} INFO - Processing file /opt/airflow/dags/analyzer.py for tasks to queue
[2026-02-12T06:51:06.157+0000] {logging_mixin.py:188} INFO - [2026-02-12T06:51:06.156+0000] {dagbag.py:545} INFO - Filling up the DagBag from /opt/airflow/dags/analyzer.py
[2026-02-12T06:51:06.172+0000] {processor.py:840} INFO - DAG(s) 'log_analyzer_pipeline' retrieved from /opt/airflow/dags/analyzer.py
[2026-02-12T06:51:06.191+0000] {logging_mixin.py:188} INFO - [2026-02-12T06:51:06.191+0000] {dag.py:3096} INFO - Sync 1 DAGs
[2026-02-12T06:51:06.211+0000] {logging_mixin.py:188} INFO - [2026-02-12T06:51:06.211+0000] {dag.py:3954} INFO - Setting next_dagrun for log_analyzer_pipeline to 2026-02-12 00:00:00+00:00, run_after=2026-02-13 00:00:00+00:00
[2026-02-12T06:51:06.219+0000] {processor.py:183} INFO - Processing /opt/airflow/dags/analyzer.py took 0.074 seconds
[2026-02-12T06:51:36.522+0000] {processor.py:161} INFO - Started process (PID=43) to work on /opt/airflow/dags/analyzer.py
[2026-02-12T06:51:36.523+0000] {processor.py:830} INFO - Processing file /opt/airflow/dags/analyzer.py for tasks to queue
[2026-02-12T06:51:36.525+0000] {logging_mixin.py:188} INFO - [2026-02-12T06:51:36.525+0000] {dagbag.py:545} INFO - Filling up the DagBag from /opt/airflow/dags/analyzer.py
[2026-02-12T06:51:36.542+0000] {processor.py:840} INFO - DAG(s) 'log_analyzer_pipeline' retrieved from /opt/airflow/dags/analyzer.py
[2026-02-12T06:51:36.559+0000] {logging_mixin.py:188} INFO - [2026-02-12T06:51:36.559+0000] {dag.py:3096} INFO - Sync 1 DAGs
[2026-02-12T06:51:36.573+0000] {logging_mixin.py:188} INFO - [2026-02-12T06:51:36.573+0000] {dag.py:3954} INFO - Setting next_dagrun for log_analyzer_pipeline to 2026-02-12 00:00:00+00:00, run_after=2026-02-13 00:00:00+00:00
[2026-02-12T06:51:36.581+0000] {processor.py:183} INFO - Processing /opt/airflow/dags/analyzer.py took 0.065 seconds
[2026-02-12T06:52:06.897+0000] {processor.py:161} INFO - Started process (PID=44) to work on /opt/airflow/dags/analyzer.py
[2026-02-12T06:52:06.898+0000] {processor.py:830} INFO - Processing file /opt/airflow/dags/analyzer.py for tasks to queue
[2026-02-12T06:52:06.901+0000] {logging_mixin.py:188} INFO - [2026-02-12T06:52:06.900+0000] {dagbag.py:545} INFO - Filling up the DagBag from /opt/airflow/dags/analyzer.py
[2026-02-12T06:52:06.925+0000] {processor.py:840} INFO - DAG(s) 'log_analyzer_pipeline' retrieved from /opt/airflow/dags/analyzer.py
[2026-02-12T06:52:06.946+0000] {logging_mixin.py:188} INFO - [2026-02-12T06:52:06.946+0000] {dag.py:3096} INFO - Sync 1 DAGs
[2026-02-12T06:52:06.958+0000] {logging_mixin.py:188} INFO - [2026-02-12T06:52:06.958+0000] {dag.py:3954} INFO - Setting next_dagrun for log_analyzer_pipeline to 2026-02-12 00:00:00+00:00, run_after=2026-02-13 00:00:00+00:00
[2026-02-12T06:52:06.965+0000] {processor.py:183} INFO - Processing /opt/airflow/dags/analyzer.py took 0.078 seconds
[2026-02-12T06:52:37.271+0000] {processor.py:161} INFO - Started process (PID=45) to work on /opt/airflow/dags/analyzer.py
[2026-02-12T06:52:37.272+0000] {processor.py:830} INFO - Processing file /opt/airflow/dags/analyzer.py for tasks to queue
[2026-02-12T06:52:37.274+0000] {logging_mixin.py:188} INFO - [2026-02-12T06:52:37.274+0000] {dagbag.py:545} INFO - Filling up the DagBag from /opt/airflow/dags/analyzer.py
[2026-02-12T06:52:37.299+0000] {processor.py:840} INFO - DAG(s) 'log_analyzer_pipeline' retrieved from /opt/airflow/dags/analyzer.py
[2026-02-12T06:52:37.322+0000] {logging_mixin.py:188} INFO - [2026-02-12T06:52:37.321+0000] {dag.py:3096} INFO - Sync 1 DAGs
[2026-02-12T06:52:37.339+0000] {logging_mixin.py:188} INFO - [2026-02-12T06:52:37.339+0000] {dag.py:3954} INFO - Setting next_dagrun for log_analyzer_pipeline to 2026-02-12 00:00:00+00:00, run_after=2026-02-13 00:00:00+00:00
[2026-02-12T06:52:37.347+0000] {processor.py:183} INFO - Processing /opt/airflow/dags/analyzer.py took 0.084 seconds
[2026-02-12T06:53:07.619+0000] {processor.py:161} INFO - Started process (PID=46) to work on /opt/airflow/dags/analyzer.py
[2026-02-12T06:53:07.619+0000] {processor.py:830} INFO - Processing file /opt/airflow/dags/analyzer.py for tasks to queue
[2026-02-12T06:53:07.622+0000] {logging_mixin.py:188} INFO - [2026-02-12T06:53:07.622+0000] {dagbag.py:545} INFO - Filling up the DagBag from /opt/airflow/dags/analyzer.py
[2026-02-12T06:53:07.643+0000] {processor.py:840} INFO - DAG(s) 'log_analyzer_pipeline' retrieved from /opt/airflow/dags/analyzer.py
[2026-02-12T06:53:07.661+0000] {logging_mixin.py:188} INFO - [2026-02-12T06:53:07.661+0000] {dag.py:3096} INFO - Sync 1 DAGs
[2026-02-12T06:53:07.672+0000] {logging_mixin.py:188} INFO - [2026-02-12T06:53:07.672+0000] {dag.py:3954} INFO - Setting next_dagrun for log_analyzer_pipeline to 2026-02-12 00:00:00+00:00, run_after=2026-02-13 00:00:00+00:00
[2026-02-12T06:53:07.680+0000] {processor.py:183} INFO - Processing /opt/airflow/dags/analyzer.py took 0.070 seconds
[2026-02-12T06:53:37.949+0000] {processor.py:161} INFO - Started process (PID=47) to work on /opt/airflow/dags/analyzer.py
[2026-02-12T06:53:37.950+0000] {processor.py:830} INFO - Processing file /opt/airflow/dags/analyzer.py for tasks to queue
[2026-02-12T06:53:37.952+0000] {logging_mixin.py:188} INFO - [2026-02-12T06:53:37.951+0000] {dagbag.py:545} INFO - Filling up the DagBag from /opt/airflow/dags/analyzer.py
[2026-02-12T06:53:37.971+0000] {processor.py:840} INFO - DAG(s) 'log_analyzer_pipeline' retrieved from /opt/airflow/dags/analyzer.py
[2026-02-12T06:53:37.991+0000] {logging_mixin.py:188} INFO - [2026-02-12T06:53:37.991+0000] {dag.py:3096} INFO - Sync 1 DAGs
[2026-02-12T06:53:38.022+0000] {logging_mixin.py:188} INFO - [2026-02-12T06:53:38.022+0000] {dag.py:3954} INFO - Setting next_dagrun for log_analyzer_pipeline to 2026-02-12 00:00:00+00:00, run_after=2026-02-13 00:00:00+00:00
[2026-02-12T06:53:38.033+0000] {processor.py:183} INFO - Processing /opt/airflow/dags/analyzer.py took 0.092 seconds
[2026-02-12T06:54:08.283+0000] {processor.py:161} INFO - Started process (PID=48) to work on /opt/airflow/dags/analyzer.py
[2026-02-12T06:54:08.283+0000] {processor.py:830} INFO - Processing file /opt/airflow/dags/analyzer.py for tasks to queue
[2026-02-12T06:54:08.285+0000] {logging_mixin.py:188} INFO - [2026-02-12T06:54:08.285+0000] {dagbag.py:545} INFO - Filling up the DagBag from /opt/airflow/dags/analyzer.py
[2026-02-12T06:54:08.304+0000] {processor.py:840} INFO - DAG(s) 'log_analyzer_pipeline' retrieved from /opt/airflow/dags/analyzer.py
[2026-02-12T06:54:08.326+0000] {logging_mixin.py:188} INFO - [2026-02-12T06:54:08.326+0000] {dag.py:3096} INFO - Sync 1 DAGs
[2026-02-12T06:54:08.343+0000] {logging_mixin.py:188} INFO - [2026-02-12T06:54:08.343+0000] {dag.py:3954} INFO - Setting next_dagrun for log_analyzer_pipeline to 2026-02-12 00:00:00+00:00, run_after=2026-02-13 00:00:00+00:00
[2026-02-12T06:54:08.355+0000] {processor.py:183} INFO - Processing /opt/airflow/dags/analyzer.py took 0.082 seconds
[2026-02-12T06:54:38.615+0000] {processor.py:161} INFO - Started process (PID=49) to work on /opt/airflow/dags/analyzer.py
[2026-02-12T06:54:38.617+0000] {processor.py:830} INFO - Processing file /opt/airflow/dags/analyzer.py for tasks to queue
[2026-02-12T06:54:38.625+0000] {logging_mixin.py:188} INFO - [2026-02-12T06:54:38.622+0000] {dagbag.py:545} INFO - Filling up the DagBag from /opt/airflow/dags/analyzer.py
[2026-02-12T06:54:38.639+0000] {processor.py:840} INFO - DAG(s) 'log_analyzer_pipeline' retrieved from /opt/airflow/dags/analyzer.py
[2026-02-12T06:54:38.658+0000] {logging_mixin.py:188} INFO - [2026-02-12T06:54:38.658+0000] {dag.py:3096} INFO - Sync 1 DAGs
[2026-02-12T06:54:38.670+0000] {logging_mixin.py:188} INFO - [2026-02-12T06:54:38.669+0000] {dag.py:3954} INFO - Setting next_dagrun for log_analyzer_pipeline to 2026-02-12 00:00:00+00:00, run_after=2026-02-13 00:00:00+00:00
[2026-02-12T06:54:38.678+0000] {processor.py:183} INFO - Processing /opt/airflow/dags/analyzer.py took 0.072 seconds
[2026-02-12T06:55:08.946+0000] {processor.py:161} INFO - Started process (PID=50) to work on /opt/airflow/dags/analyzer.py
[2026-02-12T06:55:08.947+0000] {processor.py:830} INFO - Processing file /opt/airflow/dags/analyzer.py for tasks to queue
[2026-02-12T06:55:08.948+0000] {logging_mixin.py:188} INFO - [2026-02-12T06:55:08.948+0000] {dagbag.py:545} INFO - Filling up the DagBag from /opt/airflow/dags/analyzer.py
[2026-02-12T06:55:08.966+0000] {processor.py:840} INFO - DAG(s) 'log_analyzer_pipeline' retrieved from /opt/airflow/dags/analyzer.py
[2026-02-12T06:55:08.984+0000] {logging_mixin.py:188} INFO - [2026-02-12T06:55:08.983+0000] {dag.py:3096} INFO - Sync 1 DAGs
[2026-02-12T06:55:09.001+0000] {logging_mixin.py:188} INFO - [2026-02-12T06:55:09.001+0000] {dag.py:3954} INFO - Setting next_dagrun for log_analyzer_pipeline to 2026-02-12 00:00:00+00:00, run_after=2026-02-13 00:00:00+00:00
[2026-02-12T06:55:09.009+0000] {processor.py:183} INFO - Processing /opt/airflow/dags/analyzer.py took 0.067 seconds
[2026-02-12T06:55:39.228+0000] {processor.py:161} INFO - Started process (PID=51) to work on /opt/airflow/dags/analyzer.py
[2026-02-12T06:55:39.229+0000] {processor.py:830} INFO - Processing file /opt/airflow/dags/analyzer.py for tasks to queue
[2026-02-12T06:55:39.235+0000] {logging_mixin.py:188} INFO - [2026-02-12T06:55:39.234+0000] {dagbag.py:545} INFO - Filling up the DagBag from /opt/airflow/dags/analyzer.py
[2026-02-12T06:55:39.260+0000] {processor.py:840} INFO - DAG(s) 'log_analyzer_pipeline' retrieved from /opt/airflow/dags/analyzer.py
[2026-02-12T06:55:39.288+0000] {logging_mixin.py:188} INFO - [2026-02-12T06:55:39.288+0000] {dag.py:3096} INFO - Sync 1 DAGs
[2026-02-12T06:55:39.301+0000] {logging_mixin.py:188} INFO - [2026-02-12T06:55:39.301+0000] {dag.py:3954} INFO - Setting next_dagrun for log_analyzer_pipeline to 2026-02-12 00:00:00+00:00, run_after=2026-02-13 00:00:00+00:00
[2026-02-12T06:55:39.309+0000] {processor.py:183} INFO - Processing /opt/airflow/dags/analyzer.py took 0.090 seconds
[2026-02-12T06:56:09.560+0000] {processor.py:161} INFO - Started process (PID=52) to work on /opt/airflow/dags/analyzer.py
[2026-02-12T06:56:09.561+0000] {processor.py:830} INFO - Processing file /opt/airflow/dags/analyzer.py for tasks to queue
[2026-02-12T06:56:09.564+0000] {logging_mixin.py:188} INFO - [2026-02-12T06:56:09.563+0000] {dagbag.py:545} INFO - Filling up the DagBag from /opt/airflow/dags/analyzer.py
[2026-02-12T06:56:09.579+0000] {processor.py:840} INFO - DAG(s) 'log_analyzer_pipeline' retrieved from /opt/airflow/dags/analyzer.py
[2026-02-12T06:56:09.602+0000] {logging_mixin.py:188} INFO - [2026-02-12T06:56:09.602+0000] {dag.py:3096} INFO - Sync 1 DAGs
[2026-02-12T06:56:09.617+0000] {logging_mixin.py:188} INFO - [2026-02-12T06:56:09.617+0000] {dag.py:3954} INFO - Setting next_dagrun for log_analyzer_pipeline to 2026-02-12 00:00:00+00:00, run_after=2026-02-13 00:00:00+00:00
[2026-02-12T06:56:09.624+0000] {processor.py:183} INFO - Processing /opt/airflow/dags/analyzer.py took 0.073 seconds
[2026-02-12T06:56:39.864+0000] {processor.py:161} INFO - Started process (PID=53) to work on /opt/airflow/dags/analyzer.py
[2026-02-12T06:56:39.865+0000] {processor.py:830} INFO - Processing file /opt/airflow/dags/analyzer.py for tasks to queue
[2026-02-12T06:56:39.868+0000] {logging_mixin.py:188} INFO - [2026-02-12T06:56:39.867+0000] {dagbag.py:545} INFO - Filling up the DagBag from /opt/airflow/dags/analyzer.py
[2026-02-12T06:56:39.884+0000] {processor.py:840} INFO - DAG(s) 'log_analyzer_pipeline' retrieved from /opt/airflow/dags/analyzer.py
[2026-02-12T06:56:39.924+0000] {logging_mixin.py:188} INFO - [2026-02-12T06:56:39.924+0000] {dag.py:3096} INFO - Sync 1 DAGs
[2026-02-12T06:56:39.938+0000] {logging_mixin.py:188} INFO - [2026-02-12T06:56:39.937+0000] {dag.py:3954} INFO - Setting next_dagrun for log_analyzer_pipeline to 2026-02-12 00:00:00+00:00, run_after=2026-02-13 00:00:00+00:00
[2026-02-12T06:56:39.946+0000] {processor.py:183} INFO - Processing /opt/airflow/dags/analyzer.py took 0.089 seconds
[2026-02-12T06:57:10.167+0000] {processor.py:161} INFO - Started process (PID=54) to work on /opt/airflow/dags/analyzer.py
[2026-02-12T06:57:10.168+0000] {processor.py:830} INFO - Processing file /opt/airflow/dags/analyzer.py for tasks to queue
[2026-02-12T06:57:10.172+0000] {logging_mixin.py:188} INFO - [2026-02-12T06:57:10.172+0000] {dagbag.py:545} INFO - Filling up the DagBag from /opt/airflow/dags/analyzer.py
[2026-02-12T06:57:10.189+0000] {processor.py:840} INFO - DAG(s) 'log_analyzer_pipeline' retrieved from /opt/airflow/dags/analyzer.py
[2026-02-12T06:57:10.206+0000] {logging_mixin.py:188} INFO - [2026-02-12T06:57:10.206+0000] {dag.py:3096} INFO - Sync 1 DAGs
[2026-02-12T06:57:10.218+0000] {logging_mixin.py:188} INFO - [2026-02-12T06:57:10.218+0000] {dag.py:3954} INFO - Setting next_dagrun for log_analyzer_pipeline to 2026-02-12 00:00:00+00:00, run_after=2026-02-13 00:00:00+00:00
[2026-02-12T06:57:10.227+0000] {processor.py:183} INFO - Processing /opt/airflow/dags/analyzer.py took 0.068 seconds
[2026-02-12T06:57:40.524+0000] {processor.py:161} INFO - Started process (PID=55) to work on /opt/airflow/dags/analyzer.py
[2026-02-12T06:57:40.525+0000] {processor.py:830} INFO - Processing file /opt/airflow/dags/analyzer.py for tasks to queue
[2026-02-12T06:57:40.527+0000] {logging_mixin.py:188} INFO - [2026-02-12T06:57:40.527+0000] {dagbag.py:545} INFO - Filling up the DagBag from /opt/airflow/dags/analyzer.py
[2026-02-12T06:57:40.542+0000] {processor.py:840} INFO - DAG(s) 'log_analyzer_pipeline' retrieved from /opt/airflow/dags/analyzer.py
[2026-02-12T06:57:40.561+0000] {logging_mixin.py:188} INFO - [2026-02-12T06:57:40.561+0000] {dag.py:3096} INFO - Sync 1 DAGs
[2026-02-12T06:57:40.581+0000] {logging_mixin.py:188} INFO - [2026-02-12T06:57:40.581+0000] {dag.py:3954} INFO - Setting next_dagrun for log_analyzer_pipeline to 2026-02-12 00:00:00+00:00, run_after=2026-02-13 00:00:00+00:00
[2026-02-12T06:57:40.593+0000] {processor.py:183} INFO - Processing /opt/airflow/dags/analyzer.py took 0.076 seconds
[2026-02-12T06:58:10.916+0000] {processor.py:161} INFO - Started process (PID=56) to work on /opt/airflow/dags/analyzer.py
[2026-02-12T06:58:10.917+0000] {processor.py:830} INFO - Processing file /opt/airflow/dags/analyzer.py for tasks to queue
[2026-02-12T06:58:10.920+0000] {logging_mixin.py:188} INFO - [2026-02-12T06:58:10.919+0000] {dagbag.py:545} INFO - Filling up the DagBag from /opt/airflow/dags/analyzer.py
[2026-02-12T06:58:10.952+0000] {processor.py:840} INFO - DAG(s) 'log_analyzer_pipeline' retrieved from /opt/airflow/dags/analyzer.py
[2026-02-12T06:58:10.976+0000] {logging_mixin.py:188} INFO - [2026-02-12T06:58:10.976+0000] {dag.py:3096} INFO - Sync 1 DAGs
[2026-02-12T06:58:10.990+0000] {logging_mixin.py:188} INFO - [2026-02-12T06:58:10.990+0000] {dag.py:3954} INFO - Setting next_dagrun for log_analyzer_pipeline to 2026-02-12 00:00:00+00:00, run_after=2026-02-13 00:00:00+00:00
[2026-02-12T06:58:10.998+0000] {processor.py:183} INFO - Processing /opt/airflow/dags/analyzer.py took 0.091 seconds
[2026-02-12T06:58:41.334+0000] {processor.py:161} INFO - Started process (PID=57) to work on /opt/airflow/dags/analyzer.py
[2026-02-12T06:58:41.335+0000] {processor.py:830} INFO - Processing file /opt/airflow/dags/analyzer.py for tasks to queue
[2026-02-12T06:58:41.338+0000] {logging_mixin.py:188} INFO - [2026-02-12T06:58:41.337+0000] {dagbag.py:545} INFO - Filling up the DagBag from /opt/airflow/dags/analyzer.py
[2026-02-12T06:58:41.361+0000] {processor.py:840} INFO - DAG(s) 'log_analyzer_pipeline' retrieved from /opt/airflow/dags/analyzer.py
[2026-02-12T06:58:41.388+0000] {logging_mixin.py:188} INFO - [2026-02-12T06:58:41.388+0000] {dag.py:3096} INFO - Sync 1 DAGs
[2026-02-12T06:58:41.411+0000] {logging_mixin.py:188} INFO - [2026-02-12T06:58:41.411+0000] {dag.py:3954} INFO - Setting next_dagrun for log_analyzer_pipeline to 2026-02-12 00:00:00+00:00, run_after=2026-02-13 00:00:00+00:00
[2026-02-12T06:58:41.422+0000] {processor.py:183} INFO - Processing /opt/airflow/dags/analyzer.py took 0.094 seconds
[2026-02-12T06:59:11.744+0000] {processor.py:161} INFO - Started process (PID=58) to work on /opt/airflow/dags/analyzer.py
[2026-02-12T06:59:11.746+0000] {processor.py:830} INFO - Processing file /opt/airflow/dags/analyzer.py for tasks to queue
[2026-02-12T06:59:11.749+0000] {logging_mixin.py:188} INFO - [2026-02-12T06:59:11.748+0000] {dagbag.py:545} INFO - Filling up the DagBag from /opt/airflow/dags/analyzer.py
[2026-02-12T06:59:11.768+0000] {processor.py:840} INFO - DAG(s) 'log_analyzer_pipeline' retrieved from /opt/airflow/dags/analyzer.py
[2026-02-12T06:59:11.789+0000] {logging_mixin.py:188} INFO - [2026-02-12T06:59:11.789+0000] {dag.py:3096} INFO - Sync 1 DAGs
[2026-02-12T06:59:11.803+0000] {logging_mixin.py:188} INFO - [2026-02-12T06:59:11.803+0000] {dag.py:3954} INFO - Setting next_dagrun for log_analyzer_pipeline to 2026-02-12 00:00:00+00:00, run_after=2026-02-13 00:00:00+00:00
[2026-02-12T06:59:11.810+0000] {processor.py:183} INFO - Processing /opt/airflow/dags/analyzer.py took 0.076 seconds
[2026-02-12T06:59:42.169+0000] {processor.py:161} INFO - Started process (PID=59) to work on /opt/airflow/dags/analyzer.py
[2026-02-12T06:59:42.171+0000] {processor.py:830} INFO - Processing file /opt/airflow/dags/analyzer.py for tasks to queue
[2026-02-12T06:59:42.176+0000] {logging_mixin.py:188} INFO - [2026-02-12T06:59:42.176+0000] {dagbag.py:545} INFO - Filling up the DagBag from /opt/airflow/dags/analyzer.py
[2026-02-12T06:59:42.202+0000] {processor.py:840} INFO - DAG(s) 'log_analyzer_pipeline' retrieved from /opt/airflow/dags/analyzer.py
[2026-02-12T06:59:42.229+0000] {logging_mixin.py:188} INFO - [2026-02-12T06:59:42.228+0000] {dag.py:3096} INFO - Sync 1 DAGs
[2026-02-12T06:59:42.248+0000] {logging_mixin.py:188} INFO - [2026-02-12T06:59:42.247+0000] {dag.py:3954} INFO - Setting next_dagrun for log_analyzer_pipeline to 2026-02-12 00:00:00+00:00, run_after=2026-02-13 00:00:00+00:00
[2026-02-12T06:59:42.258+0000] {processor.py:183} INFO - Processing /opt/airflow/dags/analyzer.py took 0.100 seconds
[2026-02-12T07:00:12.563+0000] {processor.py:161} INFO - Started process (PID=60) to work on /opt/airflow/dags/analyzer.py
[2026-02-12T07:00:12.565+0000] {processor.py:830} INFO - Processing file /opt/airflow/dags/analyzer.py for tasks to queue
[2026-02-12T07:00:12.567+0000] {logging_mixin.py:188} INFO - [2026-02-12T07:00:12.566+0000] {dagbag.py:545} INFO - Filling up the DagBag from /opt/airflow/dags/analyzer.py
[2026-02-12T07:00:12.586+0000] {processor.py:840} INFO - DAG(s) 'log_analyzer_pipeline' retrieved from /opt/airflow/dags/analyzer.py
[2026-02-12T07:00:12.620+0000] {logging_mixin.py:188} INFO - [2026-02-12T07:00:12.620+0000] {dag.py:3096} INFO - Sync 1 DAGs
[2026-02-12T07:00:12.642+0000] {logging_mixin.py:188} INFO - [2026-02-12T07:00:12.642+0000] {dag.py:3954} INFO - Setting next_dagrun for log_analyzer_pipeline to 2026-02-12 00:00:00+00:00, run_after=2026-02-13 00:00:00+00:00
[2026-02-12T07:00:12.652+0000] {processor.py:183} INFO - Processing /opt/airflow/dags/analyzer.py took 0.099 seconds
[2026-02-12T07:00:42.925+0000] {processor.py:161} INFO - Started process (PID=61) to work on /opt/airflow/dags/analyzer.py
[2026-02-12T07:00:42.927+0000] {processor.py:830} INFO - Processing file /opt/airflow/dags/analyzer.py for tasks to queue
[2026-02-12T07:00:42.929+0000] {logging_mixin.py:188} INFO - [2026-02-12T07:00:42.929+0000] {dagbag.py:545} INFO - Filling up the DagBag from /opt/airflow/dags/analyzer.py
[2026-02-12T07:00:42.951+0000] {processor.py:840} INFO - DAG(s) 'log_analyzer_pipeline' retrieved from /opt/airflow/dags/analyzer.py
[2026-02-12T07:00:42.994+0000] {logging_mixin.py:188} INFO - [2026-02-12T07:00:42.994+0000] {dag.py:3096} INFO - Sync 1 DAGs
[2026-02-12T07:00:43.008+0000] {logging_mixin.py:188} INFO - [2026-02-12T07:00:43.008+0000] {dag.py:3954} INFO - Setting next_dagrun for log_analyzer_pipeline to 2026-02-12 00:00:00+00:00, run_after=2026-02-13 00:00:00+00:00
[2026-02-12T07:00:43.016+0000] {processor.py:183} INFO - Processing /opt/airflow/dags/analyzer.py took 0.099 seconds
[2026-02-12T07:01:13.304+0000] {processor.py:161} INFO - Started process (PID=62) to work on /opt/airflow/dags/analyzer.py
[2026-02-12T07:01:13.305+0000] {processor.py:830} INFO - Processing file /opt/airflow/dags/analyzer.py for tasks to queue
[2026-02-12T07:01:13.307+0000] {logging_mixin.py:188} INFO - [2026-02-12T07:01:13.307+0000] {dagbag.py:545} INFO - Filling up the DagBag from /opt/airflow/dags/analyzer.py
[2026-02-12T07:01:13.351+0000] {processor.py:840} INFO - DAG(s) 'log_analyzer_pipeline' retrieved from /opt/airflow/dags/analyzer.py
[2026-02-12T07:01:13.417+0000] {logging_mixin.py:188} INFO - [2026-02-12T07:01:13.417+0000] {dag.py:3096} INFO - Sync 1 DAGs
[2026-02-12T07:01:13.508+0000] {logging_mixin.py:188} INFO - [2026-02-12T07:01:13.508+0000] {dag.py:3954} INFO - Setting next_dagrun for log_analyzer_pipeline to 2026-02-12 00:00:00+00:00, run_after=2026-02-13 00:00:00+00:00
[2026-02-12T07:01:13.545+0000] {processor.py:183} INFO - Processing /opt/airflow/dags/analyzer.py took 0.248 seconds
[2026-02-12T07:01:43.611+0000] {processor.py:161} INFO - Started process (PID=63) to work on /opt/airflow/dags/analyzer.py
[2026-02-12T07:01:43.611+0000] {processor.py:830} INFO - Processing file /opt/airflow/dags/analyzer.py for tasks to queue
[2026-02-12T07:01:43.613+0000] {logging_mixin.py:188} INFO - [2026-02-12T07:01:43.613+0000] {dagbag.py:545} INFO - Filling up the DagBag from /opt/airflow/dags/analyzer.py
[2026-02-12T07:01:43.636+0000] {processor.py:840} INFO - DAG(s) 'log_analyzer_pipeline' retrieved from /opt/airflow/dags/analyzer.py
[2026-02-12T07:01:43.660+0000] {logging_mixin.py:188} INFO - [2026-02-12T07:01:43.660+0000] {dag.py:3096} INFO - Sync 1 DAGs
[2026-02-12T07:01:43.681+0000] {logging_mixin.py:188} INFO - [2026-02-12T07:01:43.681+0000] {dag.py:3954} INFO - Setting next_dagrun for log_analyzer_pipeline to 2026-02-12 00:00:00+00:00, run_after=2026-02-13 00:00:00+00:00
[2026-02-12T07:01:43.689+0000] {processor.py:183} INFO - Processing /opt/airflow/dags/analyzer.py took 0.083 seconds
[2026-02-12T07:02:13.919+0000] {processor.py:161} INFO - Started process (PID=64) to work on /opt/airflow/dags/analyzer.py
[2026-02-12T07:02:13.920+0000] {processor.py:830} INFO - Processing file /opt/airflow/dags/analyzer.py for tasks to queue
[2026-02-12T07:02:13.923+0000] {logging_mixin.py:188} INFO - [2026-02-12T07:02:13.923+0000] {dagbag.py:545} INFO - Filling up the DagBag from /opt/airflow/dags/analyzer.py
[2026-02-12T07:02:13.952+0000] {processor.py:840} INFO - DAG(s) 'log_analyzer_pipeline' retrieved from /opt/airflow/dags/analyzer.py
[2026-02-12T07:02:13.976+0000] {logging_mixin.py:188} INFO - [2026-02-12T07:02:13.975+0000] {dag.py:3096} INFO - Sync 1 DAGs
[2026-02-12T07:02:13.994+0000] {logging_mixin.py:188} INFO - [2026-02-12T07:02:13.994+0000] {dag.py:3954} INFO - Setting next_dagrun for log_analyzer_pipeline to 2026-02-12 00:00:00+00:00, run_after=2026-02-13 00:00:00+00:00
[2026-02-12T07:02:14.007+0000] {processor.py:183} INFO - Processing /opt/airflow/dags/analyzer.py took 0.094 seconds
[2026-02-12T07:02:44.259+0000] {processor.py:161} INFO - Started process (PID=65) to work on /opt/airflow/dags/analyzer.py
[2026-02-12T07:02:44.260+0000] {processor.py:830} INFO - Processing file /opt/airflow/dags/analyzer.py for tasks to queue
[2026-02-12T07:02:44.262+0000] {logging_mixin.py:188} INFO - [2026-02-12T07:02:44.262+0000] {dagbag.py:545} INFO - Filling up the DagBag from /opt/airflow/dags/analyzer.py
[2026-02-12T07:02:44.281+0000] {processor.py:840} INFO - DAG(s) 'log_analyzer_pipeline' retrieved from /opt/airflow/dags/analyzer.py
[2026-02-12T07:02:44.297+0000] {logging_mixin.py:188} INFO - [2026-02-12T07:02:44.297+0000] {dag.py:3096} INFO - Sync 1 DAGs
[2026-02-12T07:02:44.318+0000] {logging_mixin.py:188} INFO - [2026-02-12T07:02:44.318+0000] {dag.py:3954} INFO - Setting next_dagrun for log_analyzer_pipeline to 2026-02-12 00:00:00+00:00, run_after=2026-02-13 00:00:00+00:00
[2026-02-12T07:02:44.327+0000] {processor.py:183} INFO - Processing /opt/airflow/dags/analyzer.py took 0.076 seconds
[2026-02-12T07:03:14.641+0000] {processor.py:161} INFO - Started process (PID=66) to work on /opt/airflow/dags/analyzer.py
[2026-02-12T07:03:14.642+0000] {processor.py:830} INFO - Processing file /opt/airflow/dags/analyzer.py for tasks to queue
[2026-02-12T07:03:14.644+0000] {logging_mixin.py:188} INFO - [2026-02-12T07:03:14.644+0000] {dagbag.py:545} INFO - Filling up the DagBag from /opt/airflow/dags/analyzer.py
[2026-02-12T07:03:14.665+0000] {processor.py:840} INFO - DAG(s) 'log_analyzer_pipeline' retrieved from /opt/airflow/dags/analyzer.py
[2026-02-12T07:03:14.686+0000] {logging_mixin.py:188} INFO - [2026-02-12T07:03:14.686+0000] {dag.py:3096} INFO - Sync 1 DAGs
[2026-02-12T07:03:14.702+0000] {logging_mixin.py:188} INFO - [2026-02-12T07:03:14.702+0000] {dag.py:3954} INFO - Setting next_dagrun for log_analyzer_pipeline to 2026-02-12 00:00:00+00:00, run_after=2026-02-13 00:00:00+00:00
[2026-02-12T07:03:14.710+0000] {processor.py:183} INFO - Processing /opt/airflow/dags/analyzer.py took 0.079 seconds
[2026-02-12T07:03:45.087+0000] {processor.py:161} INFO - Started process (PID=67) to work on /opt/airflow/dags/analyzer.py
[2026-02-12T07:03:45.089+0000] {processor.py:830} INFO - Processing file /opt/airflow/dags/analyzer.py for tasks to queue
[2026-02-12T07:03:45.095+0000] {logging_mixin.py:188} INFO - [2026-02-12T07:03:45.094+0000] {dagbag.py:545} INFO - Filling up the DagBag from /opt/airflow/dags/analyzer.py
[2026-02-12T07:03:45.156+0000] {processor.py:840} INFO - DAG(s) 'log_analyzer_pipeline' retrieved from /opt/airflow/dags/analyzer.py
[2026-02-12T07:03:45.266+0000] {logging_mixin.py:188} INFO - [2026-02-12T07:03:45.266+0000] {dag.py:3096} INFO - Sync 1 DAGs
[2026-02-12T07:03:45.316+0000] {logging_mixin.py:188} INFO - [2026-02-12T07:03:45.316+0000] {dag.py:3954} INFO - Setting next_dagrun for log_analyzer_pipeline to 2026-02-12 00:00:00+00:00, run_after=2026-02-13 00:00:00+00:00
[2026-02-12T07:03:45.341+0000] {processor.py:183} INFO - Processing /opt/airflow/dags/analyzer.py took 0.262 seconds
[2026-02-12T07:04:15.649+0000] {processor.py:161} INFO - Started process (PID=68) to work on /opt/airflow/dags/analyzer.py
[2026-02-12T07:04:15.650+0000] {processor.py:830} INFO - Processing file /opt/airflow/dags/analyzer.py for tasks to queue
[2026-02-12T07:04:15.652+0000] {logging_mixin.py:188} INFO - [2026-02-12T07:04:15.652+0000] {dagbag.py:545} INFO - Filling up the DagBag from /opt/airflow/dags/analyzer.py
[2026-02-12T07:04:15.680+0000] {processor.py:840} INFO - DAG(s) 'log_analyzer_pipeline' retrieved from /opt/airflow/dags/analyzer.py
[2026-02-12T07:04:15.737+0000] {logging_mixin.py:188} INFO - [2026-02-12T07:04:15.736+0000] {dag.py:3096} INFO - Sync 1 DAGs
[2026-02-12T07:04:15.786+0000] {logging_mixin.py:188} INFO - [2026-02-12T07:04:15.786+0000] {dag.py:3954} INFO - Setting next_dagrun for log_analyzer_pipeline to 2026-02-12 00:00:00+00:00, run_after=2026-02-13 00:00:00+00:00
[2026-02-12T07:04:15.798+0000] {processor.py:183} INFO - Processing /opt/airflow/dags/analyzer.py took 0.154 seconds
