[2026-02-12T06:45:01.824+0000] {manager.py:470} INFO - Processing files using up to 2 processes at a time 
[2026-02-12T06:45:01.824+0000] {manager.py:471} INFO - Process each file at most once every 30 seconds
[2026-02-12T06:45:01.825+0000] {manager.py:472} INFO - Checking for new files in /opt/airflow/dags every 300 seconds
[2026-02-12T06:45:01.825+0000] {manager.py:737} INFO - Searching for files in /opt/airflow/dags
[2026-02-12T06:45:01.828+0000] {manager.py:740} INFO - There are 1 files in /opt/airflow/dags
[2026-02-12T06:45:01.886+0000] {manager.py:878} INFO - 
================================================================================
DAG File Processing Stats

File Path                        PID  Runtime      # DAGs    # Errors  Last Runtime    Last Run
-----------------------------  -----  ---------  --------  ----------  --------------  ----------
/opt/airflow/dags/analyzer.py     30  0.03s             0           0
================================================================================
[2026-02-12T06:45:32.173+0000] {manager.py:878} INFO - 
================================================================================
DAG File Processing Stats

File Path                        PID  Runtime      # DAGs    # Errors  Last Runtime    Last Run
-----------------------------  -----  ---------  --------  ----------  --------------  -------------------
/opt/airflow/dags/analyzer.py     31  0.03s             1           0  0.21s           2026-02-12T06:45:02
================================================================================
[2026-02-12T06:46:02.601+0000] {manager.py:878} INFO - 
================================================================================
DAG File Processing Stats

File Path                        PID  Runtime      # DAGs    # Errors  Last Runtime    Last Run
-----------------------------  -----  ---------  --------  ----------  --------------  -------------------
/opt/airflow/dags/analyzer.py     32  0.01s             1           0  0.18s           2026-02-12T06:45:32
================================================================================
[2026-02-12T06:46:32.923+0000] {manager.py:878} INFO - 
================================================================================
DAG File Processing Stats

File Path                        PID  Runtime      # DAGs    # Errors  Last Runtime    Last Run
-----------------------------  -----  ---------  --------  ----------  --------------  -------------------
/opt/airflow/dags/analyzer.py     33  0.01s             1           0  0.24s           2026-02-12T06:46:02
================================================================================
[2026-02-12T06:47:03.457+0000] {manager.py:878} INFO - 
================================================================================
DAG File Processing Stats

File Path                        PID  Runtime      # DAGs    # Errors  Last Runtime    Last Run
-----------------------------  -----  ---------  --------  ----------  --------------  -------------------
/opt/airflow/dags/analyzer.py     34  0.01s             1           0  0.21s           2026-02-12T06:46:33
================================================================================
[2026-02-12T06:47:33.737+0000] {manager.py:878} INFO - 
================================================================================
DAG File Processing Stats

File Path                        PID  Runtime      # DAGs    # Errors  Last Runtime    Last Run
-----------------------------  -----  ---------  --------  ----------  --------------  -------------------
/opt/airflow/dags/analyzer.py     35  0.01s             1           0  0.11s           2026-02-12T06:47:03
================================================================================
[2026-02-12T06:48:03.973+0000] {manager.py:878} INFO - 
================================================================================
DAG File Processing Stats

File Path                        PID  Runtime      # DAGs    # Errors  Last Runtime    Last Run
-----------------------------  -----  ---------  --------  ----------  --------------  -------------------
/opt/airflow/dags/analyzer.py     36  0.01s             1           0  0.11s           2026-02-12T06:47:33
================================================================================
[2026-02-12T06:48:34.350+0000] {manager.py:878} INFO - 
================================================================================
DAG File Processing Stats

File Path                        PID  Runtime      # DAGs    # Errors  Last Runtime    Last Run
-----------------------------  -----  ---------  --------  ----------  --------------  -------------------
/opt/airflow/dags/analyzer.py     37  0.02s             1           0  0.08s           2026-02-12T06:48:04
================================================================================
[2026-02-12T06:49:04.680+0000] {manager.py:878} INFO - 
================================================================================
DAG File Processing Stats

File Path                        PID  Runtime      # DAGs    # Errors  Last Runtime    Last Run
-----------------------------  -----  ---------  --------  ----------  --------------  -------------------
/opt/airflow/dags/analyzer.py     38  0.02s             1           0  0.16s           2026-02-12T06:48:34
================================================================================
[2026-02-12T06:49:35.042+0000] {manager.py:878} INFO - 
================================================================================
DAG File Processing Stats

File Path                        PID  Runtime      # DAGs    # Errors  Last Runtime    Last Run
-----------------------------  -----  ---------  --------  ----------  --------------  -------------------
/opt/airflow/dags/analyzer.py     39  0.01s             1           0  0.10s           2026-02-12T06:49:04
================================================================================
[2026-02-12T06:50:02.329+0000] {manager.py:737} INFO - Searching for files in /opt/airflow/dags
[2026-02-12T06:50:02.339+0000] {manager.py:740} INFO - There are 1 files in /opt/airflow/dags
[2026-02-12T06:50:05.405+0000] {manager.py:878} INFO - 
================================================================================
DAG File Processing Stats

File Path                        PID  Runtime      # DAGs    # Errors  Last Runtime    Last Run
-----------------------------  -----  ---------  --------  ----------  --------------  -------------------
/opt/airflow/dags/analyzer.py     40  0.01s             1           0  0.10s           2026-02-12T06:49:35
================================================================================
[2026-02-12T06:50:35.811+0000] {manager.py:878} INFO - 
================================================================================
DAG File Processing Stats

File Path                        PID  Runtime      # DAGs    # Errors  Last Runtime    Last Run
-----------------------------  -----  ---------  --------  ----------  --------------  -------------------
/opt/airflow/dags/analyzer.py     41  0.05s             1           0  0.10s           2026-02-12T06:50:05
================================================================================
[2026-02-12T06:51:06.136+0000] {manager.py:878} INFO - 
================================================================================
DAG File Processing Stats

File Path                        PID  Runtime      # DAGs    # Errors  Last Runtime    Last Run
-----------------------------  -----  ---------  --------  ----------  --------------  -------------------
/opt/airflow/dags/analyzer.py     42  0.01s             1           0  0.16s           2026-02-12T06:50:35
================================================================================
[2026-02-12T06:51:36.510+0000] {manager.py:878} INFO - 
================================================================================
DAG File Processing Stats

File Path                        PID  Runtime      # DAGs    # Errors  Last Runtime    Last Run
-----------------------------  -----  ---------  --------  ----------  --------------  -------------------
/opt/airflow/dags/analyzer.py     43  0.01s             1           0  0.10s           2026-02-12T06:51:06
================================================================================
[2026-02-12T06:52:06.880+0000] {manager.py:878} INFO - 
================================================================================
DAG File Processing Stats

File Path                        PID  Runtime      # DAGs    # Errors  Last Runtime    Last Run
-----------------------------  -----  ---------  --------  ----------  --------------  -------------------
/opt/airflow/dags/analyzer.py     44  0.01s             1           0  0.10s           2026-02-12T06:51:36
================================================================================
[2026-02-12T06:52:37.258+0000] {manager.py:878} INFO - 
================================================================================
DAG File Processing Stats

File Path                        PID  Runtime      # DAGs    # Errors  Last Runtime    Last Run
-----------------------------  -----  ---------  --------  ----------  --------------  -------------------
/opt/airflow/dags/analyzer.py     45  0.01s             1           0  0.10s           2026-02-12T06:52:06
================================================================================
[2026-02-12T06:53:07.602+0000] {manager.py:878} INFO - 
================================================================================
DAG File Processing Stats

File Path                        PID  Runtime      # DAGs    # Errors  Last Runtime    Last Run
-----------------------------  -----  ---------  --------  ----------  --------------  -------------------
/opt/airflow/dags/analyzer.py     46  0.01s             1           0  0.11s           2026-02-12T06:52:37
================================================================================
[2026-02-12T06:53:37.937+0000] {manager.py:878} INFO - 
================================================================================
DAG File Processing Stats

File Path                        PID  Runtime      # DAGs    # Errors  Last Runtime    Last Run
-----------------------------  -----  ---------  --------  ----------  --------------  -------------------
/opt/airflow/dags/analyzer.py     47  0.01s             1           0  0.09s           2026-02-12T06:53:07
================================================================================
[2026-02-12T06:54:08.270+0000] {manager.py:878} INFO - 
================================================================================
DAG File Processing Stats

File Path                        PID  Runtime      # DAGs    # Errors  Last Runtime    Last Run
-----------------------------  -----  ---------  --------  ----------  --------------  -------------------
/opt/airflow/dags/analyzer.py     48  0.01s             1           0  0.11s           2026-02-12T06:53:38
================================================================================
[2026-02-12T06:54:38.600+0000] {manager.py:878} INFO - 
================================================================================
DAG File Processing Stats

File Path                        PID  Runtime      # DAGs    # Errors  Last Runtime    Last Run
-----------------------------  -----  ---------  --------  ----------  --------------  -------------------
/opt/airflow/dags/analyzer.py     49  0.01s             1           0  0.10s           2026-02-12T06:54:08
================================================================================
[2026-02-12T06:55:02.828+0000] {manager.py:737} INFO - Searching for files in /opt/airflow/dags
[2026-02-12T06:55:02.841+0000] {manager.py:740} INFO - There are 1 files in /opt/airflow/dags
[2026-02-12T06:55:08.937+0000] {manager.py:878} INFO - 
================================================================================
DAG File Processing Stats

File Path                        PID  Runtime      # DAGs    # Errors  Last Runtime    Last Run
-----------------------------  -----  ---------  --------  ----------  --------------  -------------------
/opt/airflow/dags/analyzer.py     50  0.01s             1           0  0.09s           2026-02-12T06:54:38
================================================================================
[2026-02-12T06:55:39.216+0000] {manager.py:878} INFO - 
================================================================================
DAG File Processing Stats

File Path                        PID  Runtime      # DAGs    # Errors  Last Runtime    Last Run
-----------------------------  -----  ---------  --------  ----------  --------------  -------------------
/opt/airflow/dags/analyzer.py     51  0.01s             1           0  0.08s           2026-02-12T06:55:09
================================================================================
[2026-02-12T06:56:09.545+0000] {manager.py:878} INFO - 
================================================================================
DAG File Processing Stats

File Path                        PID  Runtime      # DAGs    # Errors  Last Runtime    Last Run
-----------------------------  -----  ---------  --------  ----------  --------------  -------------------
/opt/airflow/dags/analyzer.py     52  0.01s             1           0  0.11s           2026-02-12T06:55:39
================================================================================
[2026-02-12T06:56:39.852+0000] {manager.py:878} INFO - 
================================================================================
DAG File Processing Stats

File Path                        PID  Runtime      # DAGs    # Errors  Last Runtime    Last Run
-----------------------------  -----  ---------  --------  ----------  --------------  -------------------
/opt/airflow/dags/analyzer.py     53  0.02s             1           0  0.09s           2026-02-12T06:56:09
================================================================================
[2026-02-12T06:57:10.154+0000] {manager.py:878} INFO - 
================================================================================
DAG File Processing Stats

File Path                        PID  Runtime      # DAGs    # Errors  Last Runtime    Last Run
-----------------------------  -----  ---------  --------  ----------  --------------  -------------------
/opt/airflow/dags/analyzer.py     54  0.01s             1           0  0.12s           2026-02-12T06:56:39
================================================================================
[2026-02-12T06:57:40.512+0000] {manager.py:878} INFO - 
================================================================================
DAG File Processing Stats

File Path                        PID  Runtime      # DAGs    # Errors  Last Runtime    Last Run
-----------------------------  -----  ---------  --------  ----------  --------------  -------------------
/opt/airflow/dags/analyzer.py     55  0.01s             1           0  0.09s           2026-02-12T06:57:10
================================================================================
[2026-02-12T06:58:10.903+0000] {manager.py:878} INFO - 
================================================================================
DAG File Processing Stats

File Path                        PID  Runtime      # DAGs    # Errors  Last Runtime    Last Run
-----------------------------  -----  ---------  --------  ----------  --------------  -------------------
/opt/airflow/dags/analyzer.py     56  0.01s             1           0  0.10s           2026-02-12T06:57:40
================================================================================
[2026-02-12T06:58:41.318+0000] {manager.py:878} INFO - 
================================================================================
DAG File Processing Stats

File Path                        PID  Runtime      # DAGs    # Errors  Last Runtime    Last Run
-----------------------------  -----  ---------  --------  ----------  --------------  -------------------
/opt/airflow/dags/analyzer.py     57  0.02s             1           0  0.12s           2026-02-12T06:58:11
================================================================================
[2026-02-12T06:59:11.725+0000] {manager.py:878} INFO - 
================================================================================
DAG File Processing Stats

File Path                        PID  Runtime      # DAGs    # Errors  Last Runtime    Last Run
-----------------------------  -----  ---------  --------  ----------  --------------  -------------------
/opt/airflow/dags/analyzer.py     58  0.01s             1           0  0.13s           2026-02-12T06:58:41
================================================================================
[2026-02-12T06:59:42.152+0000] {manager.py:878} INFO - 
================================================================================
DAG File Processing Stats

File Path                        PID  Runtime      # DAGs    # Errors  Last Runtime    Last Run
-----------------------------  -----  ---------  --------  ----------  --------------  -------------------
/opt/airflow/dags/analyzer.py     59  0.02s             1           0  0.11s           2026-02-12T06:59:11
================================================================================
[2026-02-12T07:00:03.392+0000] {manager.py:737} INFO - Searching for files in /opt/airflow/dags
[2026-02-12T07:00:03.405+0000] {manager.py:740} INFO - There are 1 files in /opt/airflow/dags
[2026-02-12T07:00:12.546+0000] {manager.py:878} INFO - 
================================================================================
DAG File Processing Stats

File Path                        PID  Runtime      # DAGs    # Errors  Last Runtime    Last Run
-----------------------------  -----  ---------  --------  ----------  --------------  -------------------
/opt/airflow/dags/analyzer.py     60  0.02s             1           0  0.13s           2026-02-12T06:59:42
================================================================================
[2026-02-12T07:00:42.912+0000] {manager.py:878} INFO - 
================================================================================
DAG File Processing Stats

File Path                        PID  Runtime      # DAGs    # Errors  Last Runtime    Last Run
-----------------------------  -----  ---------  --------  ----------  --------------  -------------------
/opt/airflow/dags/analyzer.py     61  0.03s             1           0  0.13s           2026-02-12T07:00:12
================================================================================
[2026-02-12T07:01:13.290+0000] {manager.py:878} INFO - 
================================================================================
DAG File Processing Stats

File Path                        PID  Runtime      # DAGs    # Errors  Last Runtime    Last Run
-----------------------------  -----  ---------  --------  ----------  --------------  -------------------
/opt/airflow/dags/analyzer.py     62  0.02s             1           0  0.14s           2026-02-12T07:00:43
================================================================================
[2026-02-12T07:01:43.593+0000] {manager.py:878} INFO - 
================================================================================
DAG File Processing Stats

File Path                        PID  Runtime      # DAGs    # Errors  Last Runtime    Last Run
-----------------------------  -----  ---------  --------  ----------  --------------  -------------------
/opt/airflow/dags/analyzer.py     63  0.01s             1           0  0.28s           2026-02-12T07:01:13
================================================================================
[2026-02-12T07:02:13.908+0000] {manager.py:878} INFO - 
================================================================================
DAG File Processing Stats

File Path                        PID  Runtime      # DAGs    # Errors  Last Runtime    Last Run
-----------------------------  -----  ---------  --------  ----------  --------------  -------------------
/opt/airflow/dags/analyzer.py     64  0.01s             1           0  0.11s           2026-02-12T07:01:43
================================================================================
[2026-02-12T07:02:44.247+0000] {manager.py:878} INFO - 
================================================================================
DAG File Processing Stats

File Path                        PID  Runtime      # DAGs    # Errors  Last Runtime    Last Run
-----------------------------  -----  ---------  --------  ----------  --------------  -------------------
/opt/airflow/dags/analyzer.py     65  0.02s             1           0  0.12s           2026-02-12T07:02:14
================================================================================
[2026-02-12T07:03:14.628+0000] {manager.py:878} INFO - 
================================================================================
DAG File Processing Stats

File Path                        PID  Runtime      # DAGs    # Errors  Last Runtime    Last Run
-----------------------------  -----  ---------  --------  ----------  --------------  -------------------
/opt/airflow/dags/analyzer.py     66  0.02s             1           0  0.10s           2026-02-12T07:02:44
================================================================================
[2026-02-12T07:03:45.074+0000] {manager.py:878} INFO - 
================================================================================
DAG File Processing Stats

File Path                        PID  Runtime      # DAGs    # Errors  Last Runtime    Last Run
-----------------------------  -----  ---------  --------  ----------  --------------  -------------------
/opt/airflow/dags/analyzer.py     67  0.01s             1           0  0.10s           2026-02-12T07:03:14
================================================================================
[2026-02-12T07:04:15.310+0000] {manager.py:878} INFO - 
================================================================================
DAG File Processing Stats

File Path                      PID    Runtime      # DAGs    # Errors  Last Runtime    Last Run
-----------------------------  -----  ---------  --------  ----------  --------------  -------------------
/opt/airflow/dags/analyzer.py                           1           0  0.28s           2026-02-12T07:03:45
================================================================================
[2026-02-12T07:04:35.176+0000] {manager.py:452} INFO - Exiting gracefully upon receiving signal 15
[2026-02-13T04:39:50.720+0000] {manager.py:470} INFO - Processing files using up to 2 processes at a time 
[2026-02-13T04:39:50.720+0000] {manager.py:471} INFO - Process each file at most once every 30 seconds
[2026-02-13T04:39:50.721+0000] {manager.py:472} INFO - Checking for new files in /opt/airflow/dags every 300 seconds
[2026-02-13T04:39:50.721+0000] {manager.py:737} INFO - Searching for files in /opt/airflow/dags
[2026-02-13T04:39:50.723+0000] {manager.py:740} INFO - There are 1 files in /opt/airflow/dags
[2026-02-13T04:39:50.804+0000] {manager.py:878} INFO - 
================================================================================
DAG File Processing Stats

File Path                        PID  Runtime      # DAGs    # Errors  Last Runtime    Last Run
-----------------------------  -----  ---------  --------  ----------  --------------  ----------
/opt/airflow/dags/analyzer.py    165  0.04s             0           0
================================================================================
[2026-02-13T04:40:21.715+0000] {manager.py:878} INFO - 
================================================================================
DAG File Processing Stats

File Path                        PID  Runtime      # DAGs    # Errors  Last Runtime    Last Run
-----------------------------  -----  ---------  --------  ----------  --------------  -------------------
/opt/airflow/dags/analyzer.py    170  0.04s             1           0  0.68s           2026-02-13T04:39:51
================================================================================
[2026-02-13T04:40:52.426+0000] {manager.py:878} INFO - 
================================================================================
DAG File Processing Stats

File Path                        PID  Runtime      # DAGs    # Errors  Last Runtime    Last Run
-----------------------------  -----  ---------  --------  ----------  --------------  -------------------
/opt/airflow/dags/analyzer.py    175  0.01s             1           0  0.42s           2026-02-13T04:40:22
================================================================================
[2026-02-13T04:41:22.750+0000] {manager.py:878} INFO - 
================================================================================
DAG File Processing Stats

File Path                        PID  Runtime      # DAGs    # Errors  Last Runtime    Last Run
-----------------------------  -----  ---------  --------  ----------  --------------  -------------------
/opt/airflow/dags/analyzer.py    180  0.01s             1           0  0.09s           2026-02-13T04:40:52
================================================================================
[2026-02-13T04:41:53.108+0000] {manager.py:878} INFO - 
================================================================================
DAG File Processing Stats

File Path                        PID  Runtime      # DAGs    # Errors  Last Runtime    Last Run
-----------------------------  -----  ---------  --------  ----------  --------------  -------------------
/opt/airflow/dags/analyzer.py    185  0.01s             1           0  0.11s           2026-02-13T04:41:22
================================================================================
[2026-02-13T04:42:23.460+0000] {manager.py:878} INFO - 
================================================================================
DAG File Processing Stats

File Path                        PID  Runtime      # DAGs    # Errors  Last Runtime    Last Run
-----------------------------  -----  ---------  --------  ----------  --------------  -------------------
/opt/airflow/dags/analyzer.py    190  0.03s             1           0  0.10s           2026-02-13T04:41:53
================================================================================
[2026-02-13T04:43:24.866+0000] {manager.py:470} INFO - Processing files using up to 2 processes at a time 
[2026-02-13T04:43:24.867+0000] {manager.py:471} INFO - Process each file at most once every 30 seconds
[2026-02-13T04:43:24.867+0000] {manager.py:472} INFO - Checking for new files in /opt/airflow/dags every 300 seconds
[2026-02-13T04:43:24.869+0000] {manager.py:737} INFO - Searching for files in /opt/airflow/dags
[2026-02-13T04:43:24.877+0000] {manager.py:740} INFO - There are 1 files in /opt/airflow/dags
[2026-02-13T04:43:25.065+0000] {manager.py:878} INFO - 
================================================================================
DAG File Processing Stats

File Path                        PID  Runtime      # DAGs    # Errors  Last Runtime    Last Run
-----------------------------  -----  ---------  --------  ----------  --------------  ----------
/opt/airflow/dags/analyzer.py    165  0.07s             0           0
================================================================================
[2026-02-13T04:43:55.310+0000] {manager.py:878} INFO - 
================================================================================
DAG File Processing Stats

File Path                      PID    Runtime      # DAGs    # Errors  Last Runtime    Last Run
-----------------------------  -----  ---------  --------  ----------  --------------  -------------------
/opt/airflow/dags/analyzer.py                           1           0  0.34s           2026-02-13T04:43:25
================================================================================
[2026-02-13T04:44:26.470+0000] {manager.py:878} INFO - 
================================================================================
DAG File Processing Stats

File Path                        PID  Runtime      # DAGs    # Errors  Last Runtime    Last Run
-----------------------------  -----  ---------  --------  ----------  --------------  -------------------
/opt/airflow/dags/analyzer.py    175  0.07s             1           0  0.09s           2026-02-13T04:43:55
================================================================================
[2026-02-13T04:44:56.796+0000] {manager.py:878} INFO - 
================================================================================
DAG File Processing Stats

File Path                      PID    Runtime      # DAGs    # Errors  Last Runtime    Last Run
-----------------------------  -----  ---------  --------  ----------  --------------  -------------------
/opt/airflow/dags/analyzer.py                           1           0  1.05s           2026-02-13T04:44:27
================================================================================
[2026-02-13T04:45:27.170+0000] {manager.py:878} INFO - 
================================================================================
DAG File Processing Stats

File Path                      PID    Runtime      # DAGs    # Errors  Last Runtime    Last Run
-----------------------------  -----  ---------  --------  ----------  --------------  -------------------
/opt/airflow/dags/analyzer.py                           1           0  0.12s           2026-02-13T04:44:57
================================================================================
[2026-02-13T04:45:57.648+0000] {manager.py:878} INFO - 
================================================================================
DAG File Processing Stats

File Path                      PID    Runtime      # DAGs    # Errors  Last Runtime    Last Run
-----------------------------  -----  ---------  --------  ----------  --------------  -------------------
/opt/airflow/dags/analyzer.py                           1           0  0.24s           2026-02-13T04:45:28
================================================================================
[2026-02-13T04:46:28.138+0000] {manager.py:878} INFO - 
================================================================================
DAG File Processing Stats

File Path                      PID    Runtime      # DAGs    # Errors  Last Runtime    Last Run
-----------------------------  -----  ---------  --------  ----------  --------------  -------------------
/opt/airflow/dags/analyzer.py                           1           0  0.12s           2026-02-13T04:45:58
================================================================================
[2026-02-13T04:46:58.489+0000] {manager.py:878} INFO - 
================================================================================
DAG File Processing Stats

File Path                      PID    Runtime      # DAGs    # Errors  Last Runtime    Last Run
-----------------------------  -----  ---------  --------  ----------  --------------  -------------------
/opt/airflow/dags/analyzer.py                           1           0  0.14s           2026-02-13T04:46:29
================================================================================
[2026-02-13T04:47:28.881+0000] {manager.py:878} INFO - 
================================================================================
DAG File Processing Stats

File Path                      PID    Runtime      # DAGs    # Errors  Last Runtime    Last Run
-----------------------------  -----  ---------  --------  ----------  --------------  -------------------
/opt/airflow/dags/analyzer.py                           1           0  0.32s           2026-02-13T04:46:59
================================================================================
[2026-02-13T04:47:59.201+0000] {manager.py:878} INFO - 
================================================================================
DAG File Processing Stats

File Path                      PID    Runtime      # DAGs    # Errors  Last Runtime    Last Run
-----------------------------  -----  ---------  --------  ----------  --------------  -------------------
/opt/airflow/dags/analyzer.py                           1           0  0.11s           2026-02-13T04:47:30
================================================================================
[2026-02-13T04:48:25.966+0000] {manager.py:737} INFO - Searching for files in /opt/airflow/dags
[2026-02-13T04:48:26.064+0000] {manager.py:740} INFO - There are 1 files in /opt/airflow/dags
[2026-02-13T04:48:30.203+0000] {manager.py:878} INFO - 
================================================================================
DAG File Processing Stats

File Path                      PID    Runtime      # DAGs    # Errors  Last Runtime    Last Run
-----------------------------  -----  ---------  --------  ----------  --------------  -------------------
/opt/airflow/dags/analyzer.py                           1           0  0.17s           2026-02-13T04:48:00
================================================================================
[2026-02-13T04:49:00.517+0000] {manager.py:878} INFO - 
================================================================================
DAG File Processing Stats

File Path                      PID    Runtime      # DAGs    # Errors  Last Runtime    Last Run
-----------------------------  -----  ---------  --------  ----------  --------------  -------------------
/opt/airflow/dags/analyzer.py                           1           0  0.16s           2026-02-13T04:48:31
================================================================================
[2026-02-13T04:49:30.960+0000] {manager.py:878} INFO - 
================================================================================
DAG File Processing Stats

File Path                      PID    Runtime      # DAGs    # Errors  Last Runtime    Last Run
-----------------------------  -----  ---------  --------  ----------  --------------  -------------------
/opt/airflow/dags/analyzer.py                           1           0  0.23s           2026-02-13T04:49:01
================================================================================
[2026-02-13T04:50:01.348+0000] {manager.py:878} INFO - 
================================================================================
DAG File Processing Stats

File Path                      PID    Runtime      # DAGs    # Errors  Last Runtime    Last Run
-----------------------------  -----  ---------  --------  ----------  --------------  -------------------
/opt/airflow/dags/analyzer.py                           1           0  0.13s           2026-02-13T04:49:32
================================================================================
[2026-02-13T04:50:31.826+0000] {manager.py:878} INFO - 
================================================================================
DAG File Processing Stats

File Path                      PID    Runtime      # DAGs    # Errors  Last Runtime    Last Run
-----------------------------  -----  ---------  --------  ----------  --------------  -------------------
/opt/airflow/dags/analyzer.py                           1           0  0.18s           2026-02-13T04:50:02
================================================================================
[2026-02-13T04:51:02.138+0000] {manager.py:878} INFO - 
================================================================================
DAG File Processing Stats

File Path                      PID    Runtime      # DAGs    # Errors  Last Runtime    Last Run
-----------------------------  -----  ---------  --------  ----------  --------------  -------------------
/opt/airflow/dags/analyzer.py                           1           0  0.13s           2026-02-13T04:50:32
================================================================================
[2026-02-13T04:51:32.613+0000] {manager.py:878} INFO - 
================================================================================
DAG File Processing Stats

File Path                      PID    Runtime      # DAGs    # Errors  Last Runtime    Last Run
-----------------------------  -----  ---------  --------  ----------  --------------  -------------------
/opt/airflow/dags/analyzer.py                           1           0  0.19s           2026-02-13T04:51:03
================================================================================
[2026-02-13T04:52:03.025+0000] {manager.py:878} INFO - 
================================================================================
DAG File Processing Stats

File Path                      PID    Runtime      # DAGs    # Errors  Last Runtime    Last Run
-----------------------------  -----  ---------  --------  ----------  --------------  -------------------
/opt/airflow/dags/analyzer.py                           1           0  0.16s           2026-02-13T04:51:33
================================================================================
[2026-02-13T04:52:33.398+0000] {manager.py:878} INFO - 
================================================================================
DAG File Processing Stats

File Path                      PID    Runtime      # DAGs    # Errors  Last Runtime    Last Run
-----------------------------  -----  ---------  --------  ----------  --------------  -------------------
/opt/airflow/dags/analyzer.py                           1           0  0.16s           2026-02-13T04:52:04
================================================================================
[2026-02-13T04:53:03.919+0000] {manager.py:878} INFO - 
================================================================================
DAG File Processing Stats

File Path                      PID    Runtime      # DAGs    # Errors  Last Runtime    Last Run
-----------------------------  -----  ---------  --------  ----------  --------------  -------------------
/opt/airflow/dags/analyzer.py                           1           0  0.12s           2026-02-13T04:52:34
================================================================================
[2026-02-13T04:53:26.318+0000] {manager.py:737} INFO - Searching for files in /opt/airflow/dags
[2026-02-13T04:53:26.332+0000] {manager.py:740} INFO - There are 1 files in /opt/airflow/dags
[2026-02-13T04:53:34.428+0000] {manager.py:878} INFO - 
================================================================================
DAG File Processing Stats

File Path                      PID    Runtime      # DAGs    # Errors  Last Runtime    Last Run
-----------------------------  -----  ---------  --------  ----------  --------------  -------------------
/opt/airflow/dags/analyzer.py                           1           0  0.24s           2026-02-13T04:53:05
================================================================================
[2026-02-13T04:54:05.039+0000] {manager.py:878} INFO - 
================================================================================
DAG File Processing Stats

File Path                      PID    Runtime      # DAGs    # Errors  Last Runtime    Last Run
-----------------------------  -----  ---------  --------  ----------  --------------  -------------------
/opt/airflow/dags/analyzer.py                           1           0  0.12s           2026-02-13T04:53:35
================================================================================
[2026-02-13T04:54:35.402+0000] {manager.py:878} INFO - 
================================================================================
DAG File Processing Stats

File Path                      PID    Runtime      # DAGs    # Errors  Last Runtime    Last Run
-----------------------------  -----  ---------  --------  ----------  --------------  -------------------
/opt/airflow/dags/analyzer.py                           1           0  0.15s           2026-02-13T04:54:06
================================================================================
[2026-02-13T04:55:05.681+0000] {manager.py:878} INFO - 
================================================================================
DAG File Processing Stats

File Path                      PID    Runtime      # DAGs    # Errors  Last Runtime    Last Run
-----------------------------  -----  ---------  --------  ----------  --------------  -------------------
/opt/airflow/dags/analyzer.py                           1           0  0.11s           2026-02-13T04:54:36
================================================================================
[2026-02-13T04:55:36.172+0000] {manager.py:878} INFO - 
================================================================================
DAG File Processing Stats

File Path                      PID    Runtime      # DAGs    # Errors  Last Runtime    Last Run
-----------------------------  -----  ---------  --------  ----------  --------------  -------------------
/opt/airflow/dags/analyzer.py                           1           0  0.13s           2026-02-13T04:55:06
================================================================================
[2026-02-13T04:56:06.605+0000] {manager.py:878} INFO - 
================================================================================
DAG File Processing Stats

File Path                      PID    Runtime      # DAGs    # Errors  Last Runtime    Last Run
-----------------------------  -----  ---------  --------  ----------  --------------  -------------------
/opt/airflow/dags/analyzer.py                           1           0  0.11s           2026-02-13T04:55:37
================================================================================
