[2026-02-13T04:39:50.777+0000] {processor.py:161} INFO - Started process (PID=165) to work on /opt/airflow/dags/analyzer.py
[2026-02-13T04:39:50.779+0000] {processor.py:830} INFO - Processing file /opt/airflow/dags/analyzer.py for tasks to queue
[2026-02-13T04:39:50.782+0000] {logging_mixin.py:188} INFO - [2026-02-13T04:39:50.781+0000] {dagbag.py:545} INFO - Filling up the DagBag from /opt/airflow/dags/analyzer.py
[2026-02-13T04:39:50.852+0000] {processor.py:840} INFO - DAG(s) 'log_analyzer_pipeline' retrieved from /opt/airflow/dags/analyzer.py
[2026-02-13T04:39:51.397+0000] {logging_mixin.py:188} INFO - [2026-02-13T04:39:51.393+0000] {override.py:1829} INFO - Created Permission View: can delete on DAG:log_analyzer_pipeline
[2026-02-13T04:39:51.405+0000] {logging_mixin.py:188} INFO - [2026-02-13T04:39:51.405+0000] {override.py:1829} INFO - Created Permission View: can edit on DAG:log_analyzer_pipeline
[2026-02-13T04:39:51.409+0000] {logging_mixin.py:188} INFO - [2026-02-13T04:39:51.408+0000] {override.py:1829} INFO - Created Permission View: can read on DAG:log_analyzer_pipeline
[2026-02-13T04:39:51.409+0000] {logging_mixin.py:188} INFO - [2026-02-13T04:39:51.409+0000] {dag.py:3096} INFO - Sync 1 DAGs
[2026-02-13T04:39:51.417+0000] {logging_mixin.py:188} INFO - [2026-02-13T04:39:51.417+0000] {dag.py:3118} INFO - Creating ORM DAG for log_analyzer_pipeline
[2026-02-13T04:39:51.427+0000] {logging_mixin.py:188} INFO - [2026-02-13T04:39:51.427+0000] {dag.py:3954} INFO - Setting next_dagrun for log_analyzer_pipeline to 2026-02-12 00:00:00+00:00, run_after=2026-02-13 00:00:00+00:00
[2026-02-13T04:39:51.435+0000] {processor.py:183} INFO - Processing /opt/airflow/dags/analyzer.py took 0.663 seconds
[2026-02-13T04:40:21.783+0000] {processor.py:161} INFO - Started process (PID=170) to work on /opt/airflow/dags/analyzer.py
[2026-02-13T04:40:21.784+0000] {processor.py:830} INFO - Processing file /opt/airflow/dags/analyzer.py for tasks to queue
[2026-02-13T04:40:21.801+0000] {logging_mixin.py:188} INFO - [2026-02-13T04:40:21.799+0000] {dagbag.py:545} INFO - Filling up the DagBag from /opt/airflow/dags/analyzer.py
[2026-02-13T04:40:21.882+0000] {processor.py:840} INFO - DAG(s) 'log_analyzer_pipeline' retrieved from /opt/airflow/dags/analyzer.py
[2026-02-13T04:40:22.050+0000] {logging_mixin.py:188} INFO - [2026-02-13T04:40:22.049+0000] {dag.py:3096} INFO - Sync 1 DAGs
[2026-02-13T04:40:22.065+0000] {logging_mixin.py:188} INFO - [2026-02-13T04:40:22.064+0000] {dag.py:3954} INFO - Setting next_dagrun for log_analyzer_pipeline to 2026-02-12 00:00:00+00:00, run_after=2026-02-13 00:00:00+00:00
[2026-02-13T04:40:22.076+0000] {processor.py:183} INFO - Processing /opt/airflow/dags/analyzer.py took 0.326 seconds
[2026-02-13T04:40:52.438+0000] {processor.py:161} INFO - Started process (PID=175) to work on /opt/airflow/dags/analyzer.py
[2026-02-13T04:40:52.439+0000] {processor.py:830} INFO - Processing file /opt/airflow/dags/analyzer.py for tasks to queue
[2026-02-13T04:40:52.441+0000] {logging_mixin.py:188} INFO - [2026-02-13T04:40:52.440+0000] {dagbag.py:545} INFO - Filling up the DagBag from /opt/airflow/dags/analyzer.py
[2026-02-13T04:40:52.455+0000] {processor.py:840} INFO - DAG(s) 'log_analyzer_pipeline' retrieved from /opt/airflow/dags/analyzer.py
[2026-02-13T04:40:52.477+0000] {logging_mixin.py:188} INFO - [2026-02-13T04:40:52.476+0000] {dag.py:3096} INFO - Sync 1 DAGs
[2026-02-13T04:40:52.489+0000] {logging_mixin.py:188} INFO - [2026-02-13T04:40:52.489+0000] {dag.py:3954} INFO - Setting next_dagrun for log_analyzer_pipeline to 2026-02-12 00:00:00+00:00, run_after=2026-02-13 00:00:00+00:00
[2026-02-13T04:40:52.501+0000] {processor.py:183} INFO - Processing /opt/airflow/dags/analyzer.py took 0.069 seconds
[2026-02-13T04:41:22.767+0000] {processor.py:161} INFO - Started process (PID=180) to work on /opt/airflow/dags/analyzer.py
[2026-02-13T04:41:22.768+0000] {processor.py:830} INFO - Processing file /opt/airflow/dags/analyzer.py for tasks to queue
[2026-02-13T04:41:22.769+0000] {logging_mixin.py:188} INFO - [2026-02-13T04:41:22.769+0000] {dagbag.py:545} INFO - Filling up the DagBag from /opt/airflow/dags/analyzer.py
[2026-02-13T04:41:22.788+0000] {processor.py:840} INFO - DAG(s) 'log_analyzer_pipeline' retrieved from /opt/airflow/dags/analyzer.py
[2026-02-13T04:41:22.816+0000] {logging_mixin.py:188} INFO - [2026-02-13T04:41:22.816+0000] {dag.py:3096} INFO - Sync 1 DAGs
[2026-02-13T04:41:22.830+0000] {logging_mixin.py:188} INFO - [2026-02-13T04:41:22.830+0000] {dag.py:3954} INFO - Setting next_dagrun for log_analyzer_pipeline to 2026-02-12 00:00:00+00:00, run_after=2026-02-13 00:00:00+00:00
[2026-02-13T04:41:22.841+0000] {processor.py:183} INFO - Processing /opt/airflow/dags/analyzer.py took 0.079 seconds
[2026-02-13T04:41:53.124+0000] {processor.py:161} INFO - Started process (PID=185) to work on /opt/airflow/dags/analyzer.py
[2026-02-13T04:41:53.125+0000] {processor.py:830} INFO - Processing file /opt/airflow/dags/analyzer.py for tasks to queue
[2026-02-13T04:41:53.128+0000] {logging_mixin.py:188} INFO - [2026-02-13T04:41:53.128+0000] {dagbag.py:545} INFO - Filling up the DagBag from /opt/airflow/dags/analyzer.py
[2026-02-13T04:41:53.145+0000] {processor.py:840} INFO - DAG(s) 'log_analyzer_pipeline' retrieved from /opt/airflow/dags/analyzer.py
[2026-02-13T04:41:53.165+0000] {logging_mixin.py:188} INFO - [2026-02-13T04:41:53.165+0000] {dag.py:3096} INFO - Sync 1 DAGs
[2026-02-13T04:41:53.181+0000] {logging_mixin.py:188} INFO - [2026-02-13T04:41:53.181+0000] {dag.py:3954} INFO - Setting next_dagrun for log_analyzer_pipeline to 2026-02-12 00:00:00+00:00, run_after=2026-02-13 00:00:00+00:00
[2026-02-13T04:41:53.189+0000] {processor.py:183} INFO - Processing /opt/airflow/dags/analyzer.py took 0.070 seconds
[2026-02-13T04:42:23.487+0000] {processor.py:161} INFO - Started process (PID=190) to work on /opt/airflow/dags/analyzer.py
[2026-02-13T04:42:23.488+0000] {processor.py:830} INFO - Processing file /opt/airflow/dags/analyzer.py for tasks to queue
[2026-02-13T04:42:23.491+0000] {logging_mixin.py:188} INFO - [2026-02-13T04:42:23.490+0000] {dagbag.py:545} INFO - Filling up the DagBag from /opt/airflow/dags/analyzer.py
[2026-02-13T04:42:23.512+0000] {processor.py:840} INFO - DAG(s) 'log_analyzer_pipeline' retrieved from /opt/airflow/dags/analyzer.py
[2026-02-13T04:42:23.542+0000] {logging_mixin.py:188} INFO - [2026-02-13T04:42:23.542+0000] {dag.py:3096} INFO - Sync 1 DAGs
[2026-02-13T04:42:23.563+0000] {logging_mixin.py:188} INFO - [2026-02-13T04:42:23.563+0000] {dag.py:3954} INFO - Setting next_dagrun for log_analyzer_pipeline to 2026-02-12 00:00:00+00:00, run_after=2026-02-13 00:00:00+00:00
[2026-02-13T04:42:23.571+0000] {processor.py:183} INFO - Processing /opt/airflow/dags/analyzer.py took 0.093 seconds
[2026-02-13T04:43:25.009+0000] {processor.py:161} INFO - Started process (PID=165) to work on /opt/airflow/dags/analyzer.py
[2026-02-13T04:43:25.015+0000] {processor.py:830} INFO - Processing file /opt/airflow/dags/analyzer.py for tasks to queue
[2026-02-13T04:43:25.019+0000] {logging_mixin.py:188} INFO - [2026-02-13T04:43:25.019+0000] {dagbag.py:545} INFO - Filling up the DagBag from /opt/airflow/dags/analyzer.py
[2026-02-13T04:43:25.057+0000] {processor.py:840} INFO - DAG(s) 'log_analyzer_pipeline' retrieved from /opt/airflow/dags/analyzer.py
[2026-02-13T04:43:25.290+0000] {logging_mixin.py:188} INFO - [2026-02-13T04:43:25.290+0000] {dag.py:3096} INFO - Sync 1 DAGs
[2026-02-13T04:43:25.319+0000] {logging_mixin.py:188} INFO - [2026-02-13T04:43:25.319+0000] {dag.py:3954} INFO - Setting next_dagrun for log_analyzer_pipeline to 2026-02-12 00:00:00+00:00, run_after=2026-02-13 00:00:00+00:00
[2026-02-13T04:43:25.330+0000] {processor.py:183} INFO - Processing /opt/airflow/dags/analyzer.py took 0.331 seconds
[2026-02-13T04:43:55.588+0000] {processor.py:161} INFO - Started process (PID=170) to work on /opt/airflow/dags/analyzer.py
[2026-02-13T04:43:55.590+0000] {processor.py:830} INFO - Processing file /opt/airflow/dags/analyzer.py for tasks to queue
[2026-02-13T04:43:55.593+0000] {logging_mixin.py:188} INFO - [2026-02-13T04:43:55.593+0000] {dagbag.py:545} INFO - Filling up the DagBag from /opt/airflow/dags/analyzer.py
[2026-02-13T04:43:55.611+0000] {processor.py:840} INFO - DAG(s) 'log_analyzer_pipeline' retrieved from /opt/airflow/dags/analyzer.py
[2026-02-13T04:43:55.629+0000] {logging_mixin.py:188} INFO - [2026-02-13T04:43:55.629+0000] {dag.py:3096} INFO - Sync 1 DAGs
[2026-02-13T04:43:55.639+0000] {logging_mixin.py:188} INFO - [2026-02-13T04:43:55.639+0000] {dag.py:3954} INFO - Setting next_dagrun for log_analyzer_pipeline to 2026-02-12 00:00:00+00:00, run_after=2026-02-13 00:00:00+00:00
[2026-02-13T04:43:55.652+0000] {processor.py:183} INFO - Processing /opt/airflow/dags/analyzer.py took 0.071 seconds
[2026-02-13T04:44:26.563+0000] {processor.py:161} INFO - Started process (PID=175) to work on /opt/airflow/dags/analyzer.py
[2026-02-13T04:44:26.564+0000] {processor.py:830} INFO - Processing file /opt/airflow/dags/analyzer.py for tasks to queue
[2026-02-13T04:44:26.581+0000] {logging_mixin.py:188} INFO - [2026-02-13T04:44:26.580+0000] {dagbag.py:545} INFO - Filling up the DagBag from /opt/airflow/dags/analyzer.py
[2026-02-13T04:44:27.033+0000] {processor.py:840} INFO - DAG(s) 'log_analyzer_pipeline' retrieved from /opt/airflow/dags/analyzer.py
[2026-02-13T04:44:27.285+0000] {logging_mixin.py:188} INFO - [2026-02-13T04:44:27.285+0000] {dag.py:3096} INFO - Sync 1 DAGs
[2026-02-13T04:44:27.367+0000] {logging_mixin.py:188} INFO - [2026-02-13T04:44:27.367+0000] {dag.py:3954} INFO - Setting next_dagrun for log_analyzer_pipeline to 2026-02-12 00:00:00+00:00, run_after=2026-02-13 00:00:00+00:00
[2026-02-13T04:44:27.416+0000] {processor.py:183} INFO - Processing /opt/airflow/dags/analyzer.py took 0.913 seconds
[2026-02-13T04:44:57.854+0000] {processor.py:161} INFO - Started process (PID=180) to work on /opt/airflow/dags/analyzer.py
[2026-02-13T04:44:57.856+0000] {processor.py:830} INFO - Processing file /opt/airflow/dags/analyzer.py for tasks to queue
[2026-02-13T04:44:57.859+0000] {logging_mixin.py:188} INFO - [2026-02-13T04:44:57.859+0000] {dagbag.py:545} INFO - Filling up the DagBag from /opt/airflow/dags/analyzer.py
[2026-02-13T04:44:57.879+0000] {processor.py:840} INFO - DAG(s) 'log_analyzer_pipeline' retrieved from /opt/airflow/dags/analyzer.py
[2026-02-13T04:44:57.906+0000] {logging_mixin.py:188} INFO - [2026-02-13T04:44:57.906+0000] {dag.py:3096} INFO - Sync 1 DAGs
[2026-02-13T04:44:57.919+0000] {logging_mixin.py:188} INFO - [2026-02-13T04:44:57.918+0000] {dag.py:3954} INFO - Setting next_dagrun for log_analyzer_pipeline to 2026-02-12 00:00:00+00:00, run_after=2026-02-13 00:00:00+00:00
[2026-02-13T04:44:57.926+0000] {processor.py:183} INFO - Processing /opt/airflow/dags/analyzer.py took 0.081 seconds
[2026-02-13T04:45:28.359+0000] {processor.py:161} INFO - Started process (PID=185) to work on /opt/airflow/dags/analyzer.py
[2026-02-13T04:45:28.361+0000] {processor.py:830} INFO - Processing file /opt/airflow/dags/analyzer.py for tasks to queue
[2026-02-13T04:45:28.363+0000] {logging_mixin.py:188} INFO - [2026-02-13T04:45:28.363+0000] {dagbag.py:545} INFO - Filling up the DagBag from /opt/airflow/dags/analyzer.py
[2026-02-13T04:45:28.393+0000] {processor.py:840} INFO - DAG(s) 'log_analyzer_pipeline' retrieved from /opt/airflow/dags/analyzer.py
[2026-02-13T04:45:28.429+0000] {logging_mixin.py:188} INFO - [2026-02-13T04:45:28.429+0000] {dag.py:3096} INFO - Sync 1 DAGs
[2026-02-13T04:45:28.452+0000] {logging_mixin.py:188} INFO - [2026-02-13T04:45:28.452+0000] {dag.py:3954} INFO - Setting next_dagrun for log_analyzer_pipeline to 2026-02-12 00:00:00+00:00, run_after=2026-02-13 00:00:00+00:00
[2026-02-13T04:45:28.465+0000] {processor.py:183} INFO - Processing /opt/airflow/dags/analyzer.py took 0.112 seconds
[2026-02-13T04:45:58.717+0000] {processor.py:161} INFO - Started process (PID=190) to work on /opt/airflow/dags/analyzer.py
[2026-02-13T04:45:58.718+0000] {processor.py:830} INFO - Processing file /opt/airflow/dags/analyzer.py for tasks to queue
[2026-02-13T04:45:58.721+0000] {logging_mixin.py:188} INFO - [2026-02-13T04:45:58.721+0000] {dagbag.py:545} INFO - Filling up the DagBag from /opt/airflow/dags/analyzer.py
[2026-02-13T04:45:58.743+0000] {processor.py:840} INFO - DAG(s) 'log_analyzer_pipeline' retrieved from /opt/airflow/dags/analyzer.py
[2026-02-13T04:45:58.771+0000] {logging_mixin.py:188} INFO - [2026-02-13T04:45:58.771+0000] {dag.py:3096} INFO - Sync 1 DAGs
[2026-02-13T04:45:58.788+0000] {logging_mixin.py:188} INFO - [2026-02-13T04:45:58.788+0000] {dag.py:3954} INFO - Setting next_dagrun for log_analyzer_pipeline to 2026-02-12 00:00:00+00:00, run_after=2026-02-13 00:00:00+00:00
[2026-02-13T04:45:58.797+0000] {processor.py:183} INFO - Processing /opt/airflow/dags/analyzer.py took 0.091 seconds
[2026-02-13T04:46:29.206+0000] {processor.py:161} INFO - Started process (PID=195) to work on /opt/airflow/dags/analyzer.py
[2026-02-13T04:46:29.207+0000] {processor.py:830} INFO - Processing file /opt/airflow/dags/analyzer.py for tasks to queue
[2026-02-13T04:46:29.211+0000] {logging_mixin.py:188} INFO - [2026-02-13T04:46:29.210+0000] {dagbag.py:545} INFO - Filling up the DagBag from /opt/airflow/dags/analyzer.py
[2026-02-13T04:46:29.236+0000] {processor.py:840} INFO - DAG(s) 'log_analyzer_pipeline' retrieved from /opt/airflow/dags/analyzer.py
[2026-02-13T04:46:29.259+0000] {logging_mixin.py:188} INFO - [2026-02-13T04:46:29.259+0000] {dag.py:3096} INFO - Sync 1 DAGs
[2026-02-13T04:46:29.273+0000] {logging_mixin.py:188} INFO - [2026-02-13T04:46:29.273+0000] {dag.py:3954} INFO - Setting next_dagrun for log_analyzer_pipeline to 2026-02-12 00:00:00+00:00, run_after=2026-02-13 00:00:00+00:00
[2026-02-13T04:46:29.293+0000] {processor.py:183} INFO - Processing /opt/airflow/dags/analyzer.py took 0.096 seconds
[2026-02-13T04:46:59.665+0000] {processor.py:161} INFO - Started process (PID=200) to work on /opt/airflow/dags/analyzer.py
[2026-02-13T04:46:59.668+0000] {processor.py:830} INFO - Processing file /opt/airflow/dags/analyzer.py for tasks to queue
[2026-02-13T04:46:59.671+0000] {logging_mixin.py:188} INFO - [2026-02-13T04:46:59.671+0000] {dagbag.py:545} INFO - Filling up the DagBag from /opt/airflow/dags/analyzer.py
[2026-02-13T04:46:59.695+0000] {processor.py:840} INFO - DAG(s) 'log_analyzer_pipeline' retrieved from /opt/airflow/dags/analyzer.py
[2026-02-13T04:46:59.756+0000] {logging_mixin.py:188} INFO - [2026-02-13T04:46:59.756+0000] {dag.py:3096} INFO - Sync 1 DAGs
[2026-02-13T04:46:59.812+0000] {logging_mixin.py:188} INFO - [2026-02-13T04:46:59.812+0000] {dag.py:3954} INFO - Setting next_dagrun for log_analyzer_pipeline to 2026-02-12 00:00:00+00:00, run_after=2026-02-13 00:00:00+00:00
[2026-02-13T04:46:59.823+0000] {processor.py:183} INFO - Processing /opt/airflow/dags/analyzer.py took 0.175 seconds
[2026-02-13T04:47:29.935+0000] {processor.py:161} INFO - Started process (PID=205) to work on /opt/airflow/dags/analyzer.py
[2026-02-13T04:47:29.937+0000] {processor.py:830} INFO - Processing file /opt/airflow/dags/analyzer.py for tasks to queue
[2026-02-13T04:47:29.939+0000] {logging_mixin.py:188} INFO - [2026-02-13T04:47:29.939+0000] {dagbag.py:545} INFO - Filling up the DagBag from /opt/airflow/dags/analyzer.py
[2026-02-13T04:47:29.954+0000] {processor.py:840} INFO - DAG(s) 'log_analyzer_pipeline' retrieved from /opt/airflow/dags/analyzer.py
[2026-02-13T04:47:29.977+0000] {logging_mixin.py:188} INFO - [2026-02-13T04:47:29.976+0000] {dag.py:3096} INFO - Sync 1 DAGs
[2026-02-13T04:47:29.992+0000] {logging_mixin.py:188} INFO - [2026-02-13T04:47:29.992+0000] {dag.py:3954} INFO - Setting next_dagrun for log_analyzer_pipeline to 2026-02-12 00:00:00+00:00, run_after=2026-02-13 00:00:00+00:00
[2026-02-13T04:47:30.002+0000] {processor.py:183} INFO - Processing /opt/airflow/dags/analyzer.py took 0.077 seconds
[2026-02-13T04:48:00.276+0000] {processor.py:161} INFO - Started process (PID=210) to work on /opt/airflow/dags/analyzer.py
[2026-02-13T04:48:00.277+0000] {processor.py:830} INFO - Processing file /opt/airflow/dags/analyzer.py for tasks to queue
[2026-02-13T04:48:00.279+0000] {logging_mixin.py:188} INFO - [2026-02-13T04:48:00.279+0000] {dagbag.py:545} INFO - Filling up the DagBag from /opt/airflow/dags/analyzer.py
[2026-02-13T04:48:00.298+0000] {processor.py:840} INFO - DAG(s) 'log_analyzer_pipeline' retrieved from /opt/airflow/dags/analyzer.py
[2026-02-13T04:48:00.330+0000] {logging_mixin.py:188} INFO - [2026-02-13T04:48:00.330+0000] {dag.py:3096} INFO - Sync 1 DAGs
[2026-02-13T04:48:00.377+0000] {logging_mixin.py:188} INFO - [2026-02-13T04:48:00.377+0000] {dag.py:3954} INFO - Setting next_dagrun for log_analyzer_pipeline to 2026-02-12 00:00:00+00:00, run_after=2026-02-13 00:00:00+00:00
[2026-02-13T04:48:00.396+0000] {processor.py:183} INFO - Processing /opt/airflow/dags/analyzer.py took 0.132 seconds
[2026-02-13T04:48:31.258+0000] {processor.py:161} INFO - Started process (PID=227) to work on /opt/airflow/dags/analyzer.py
[2026-02-13T04:48:31.259+0000] {processor.py:830} INFO - Processing file /opt/airflow/dags/analyzer.py for tasks to queue
[2026-02-13T04:48:31.264+0000] {logging_mixin.py:188} INFO - [2026-02-13T04:48:31.263+0000] {dagbag.py:545} INFO - Filling up the DagBag from /opt/airflow/dags/analyzer.py
[2026-02-13T04:48:31.288+0000] {processor.py:840} INFO - DAG(s) 'log_analyzer_pipeline' retrieved from /opt/airflow/dags/analyzer.py
[2026-02-13T04:48:31.327+0000] {logging_mixin.py:188} INFO - [2026-02-13T04:48:31.327+0000] {dag.py:3096} INFO - Sync 1 DAGs
[2026-02-13T04:48:31.360+0000] {logging_mixin.py:188} INFO - [2026-02-13T04:48:31.360+0000] {dag.py:3954} INFO - Setting next_dagrun for log_analyzer_pipeline to 2026-02-13 00:00:00+00:00, run_after=2026-02-14 00:00:00+00:00
[2026-02-13T04:48:31.375+0000] {processor.py:183} INFO - Processing /opt/airflow/dags/analyzer.py took 0.131 seconds
[2026-02-13T04:49:01.613+0000] {processor.py:161} INFO - Started process (PID=232) to work on /opt/airflow/dags/analyzer.py
[2026-02-13T04:49:01.615+0000] {processor.py:830} INFO - Processing file /opt/airflow/dags/analyzer.py for tasks to queue
[2026-02-13T04:49:01.620+0000] {logging_mixin.py:188} INFO - [2026-02-13T04:49:01.619+0000] {dagbag.py:545} INFO - Filling up the DagBag from /opt/airflow/dags/analyzer.py
[2026-02-13T04:49:01.661+0000] {processor.py:840} INFO - DAG(s) 'log_analyzer_pipeline' retrieved from /opt/airflow/dags/analyzer.py
[2026-02-13T04:49:01.729+0000] {logging_mixin.py:188} INFO - [2026-02-13T04:49:01.729+0000] {dag.py:3096} INFO - Sync 1 DAGs
[2026-02-13T04:49:01.750+0000] {logging_mixin.py:188} INFO - [2026-02-13T04:49:01.749+0000] {dag.py:3954} INFO - Setting next_dagrun for log_analyzer_pipeline to 2026-02-13 00:00:00+00:00, run_after=2026-02-14 00:00:00+00:00
[2026-02-13T04:49:01.771+0000] {processor.py:183} INFO - Processing /opt/airflow/dags/analyzer.py took 0.166 seconds
[2026-02-13T04:49:32.037+0000] {processor.py:161} INFO - Started process (PID=237) to work on /opt/airflow/dags/analyzer.py
[2026-02-13T04:49:32.038+0000] {processor.py:830} INFO - Processing file /opt/airflow/dags/analyzer.py for tasks to queue
[2026-02-13T04:49:32.040+0000] {logging_mixin.py:188} INFO - [2026-02-13T04:49:32.040+0000] {dagbag.py:545} INFO - Filling up the DagBag from /opt/airflow/dags/analyzer.py
[2026-02-13T04:49:32.055+0000] {processor.py:840} INFO - DAG(s) 'log_analyzer_pipeline' retrieved from /opt/airflow/dags/analyzer.py
[2026-02-13T04:49:32.092+0000] {logging_mixin.py:188} INFO - [2026-02-13T04:49:32.091+0000] {dag.py:3096} INFO - Sync 1 DAGs
[2026-02-13T04:49:32.110+0000] {logging_mixin.py:188} INFO - [2026-02-13T04:49:32.110+0000] {dag.py:3954} INFO - Setting next_dagrun for log_analyzer_pipeline to 2026-02-13 00:00:00+00:00, run_after=2026-02-14 00:00:00+00:00
[2026-02-13T04:49:32.120+0000] {processor.py:183} INFO - Processing /opt/airflow/dags/analyzer.py took 0.090 seconds
[2026-02-13T04:50:02.519+0000] {processor.py:161} INFO - Started process (PID=242) to work on /opt/airflow/dags/analyzer.py
[2026-02-13T04:50:02.520+0000] {processor.py:830} INFO - Processing file /opt/airflow/dags/analyzer.py for tasks to queue
[2026-02-13T04:50:02.523+0000] {logging_mixin.py:188} INFO - [2026-02-13T04:50:02.522+0000] {dagbag.py:545} INFO - Filling up the DagBag from /opt/airflow/dags/analyzer.py
[2026-02-13T04:50:02.563+0000] {processor.py:840} INFO - DAG(s) 'log_analyzer_pipeline' retrieved from /opt/airflow/dags/analyzer.py
[2026-02-13T04:50:02.599+0000] {logging_mixin.py:188} INFO - [2026-02-13T04:50:02.599+0000] {dag.py:3096} INFO - Sync 1 DAGs
[2026-02-13T04:50:02.620+0000] {logging_mixin.py:188} INFO - [2026-02-13T04:50:02.620+0000] {dag.py:3954} INFO - Setting next_dagrun for log_analyzer_pipeline to 2026-02-13 00:00:00+00:00, run_after=2026-02-14 00:00:00+00:00
[2026-02-13T04:50:02.632+0000] {processor.py:183} INFO - Processing /opt/airflow/dags/analyzer.py took 0.122 seconds
[2026-02-13T04:50:32.877+0000] {processor.py:161} INFO - Started process (PID=247) to work on /opt/airflow/dags/analyzer.py
[2026-02-13T04:50:32.879+0000] {processor.py:830} INFO - Processing file /opt/airflow/dags/analyzer.py for tasks to queue
[2026-02-13T04:50:32.886+0000] {logging_mixin.py:188} INFO - [2026-02-13T04:50:32.884+0000] {dagbag.py:545} INFO - Filling up the DagBag from /opt/airflow/dags/analyzer.py
[2026-02-13T04:50:32.908+0000] {processor.py:840} INFO - DAG(s) 'log_analyzer_pipeline' retrieved from /opt/airflow/dags/analyzer.py
[2026-02-13T04:50:32.941+0000] {logging_mixin.py:188} INFO - [2026-02-13T04:50:32.940+0000] {dag.py:3096} INFO - Sync 1 DAGs
[2026-02-13T04:50:32.960+0000] {logging_mixin.py:188} INFO - [2026-02-13T04:50:32.960+0000] {dag.py:3954} INFO - Setting next_dagrun for log_analyzer_pipeline to 2026-02-13 00:00:00+00:00, run_after=2026-02-14 00:00:00+00:00
[2026-02-13T04:50:32.968+0000] {processor.py:183} INFO - Processing /opt/airflow/dags/analyzer.py took 0.101 seconds
[2026-02-13T04:51:03.301+0000] {processor.py:161} INFO - Started process (PID=252) to work on /opt/airflow/dags/analyzer.py
[2026-02-13T04:51:03.302+0000] {processor.py:830} INFO - Processing file /opt/airflow/dags/analyzer.py for tasks to queue
[2026-02-13T04:51:03.305+0000] {logging_mixin.py:188} INFO - [2026-02-13T04:51:03.305+0000] {dagbag.py:545} INFO - Filling up the DagBag from /opt/airflow/dags/analyzer.py
[2026-02-13T04:51:03.333+0000] {processor.py:840} INFO - DAG(s) 'log_analyzer_pipeline' retrieved from /opt/airflow/dags/analyzer.py
[2026-02-13T04:51:03.371+0000] {logging_mixin.py:188} INFO - [2026-02-13T04:51:03.371+0000] {dag.py:3096} INFO - Sync 1 DAGs
[2026-02-13T04:51:03.400+0000] {logging_mixin.py:188} INFO - [2026-02-13T04:51:03.400+0000] {dag.py:3954} INFO - Setting next_dagrun for log_analyzer_pipeline to 2026-02-13 00:00:00+00:00, run_after=2026-02-14 00:00:00+00:00
[2026-02-13T04:51:03.428+0000] {processor.py:183} INFO - Processing /opt/airflow/dags/analyzer.py took 0.133 seconds
[2026-02-13T04:51:33.685+0000] {processor.py:161} INFO - Started process (PID=257) to work on /opt/airflow/dags/analyzer.py
[2026-02-13T04:51:33.686+0000] {processor.py:830} INFO - Processing file /opt/airflow/dags/analyzer.py for tasks to queue
[2026-02-13T04:51:33.689+0000] {logging_mixin.py:188} INFO - [2026-02-13T04:51:33.689+0000] {dagbag.py:545} INFO - Filling up the DagBag from /opt/airflow/dags/analyzer.py
[2026-02-13T04:51:33.724+0000] {processor.py:840} INFO - DAG(s) 'log_analyzer_pipeline' retrieved from /opt/airflow/dags/analyzer.py
[2026-02-13T04:51:33.769+0000] {logging_mixin.py:188} INFO - [2026-02-13T04:51:33.769+0000] {dag.py:3096} INFO - Sync 1 DAGs
[2026-02-13T04:51:33.781+0000] {logging_mixin.py:188} INFO - [2026-02-13T04:51:33.781+0000] {dag.py:3954} INFO - Setting next_dagrun for log_analyzer_pipeline to 2026-02-13 00:00:00+00:00, run_after=2026-02-14 00:00:00+00:00
[2026-02-13T04:51:33.789+0000] {processor.py:183} INFO - Processing /opt/airflow/dags/analyzer.py took 0.117 seconds
[2026-02-13T04:52:04.129+0000] {processor.py:161} INFO - Started process (PID=262) to work on /opt/airflow/dags/analyzer.py
[2026-02-13T04:52:04.130+0000] {processor.py:830} INFO - Processing file /opt/airflow/dags/analyzer.py for tasks to queue
[2026-02-13T04:52:04.133+0000] {logging_mixin.py:188} INFO - [2026-02-13T04:52:04.132+0000] {dagbag.py:545} INFO - Filling up the DagBag from /opt/airflow/dags/analyzer.py
[2026-02-13T04:52:04.159+0000] {processor.py:840} INFO - DAG(s) 'log_analyzer_pipeline' retrieved from /opt/airflow/dags/analyzer.py
[2026-02-13T04:52:04.198+0000] {logging_mixin.py:188} INFO - [2026-02-13T04:52:04.198+0000] {dag.py:3096} INFO - Sync 1 DAGs
[2026-02-13T04:52:04.213+0000] {logging_mixin.py:188} INFO - [2026-02-13T04:52:04.213+0000] {dag.py:3954} INFO - Setting next_dagrun for log_analyzer_pipeline to 2026-02-13 00:00:00+00:00, run_after=2026-02-14 00:00:00+00:00
[2026-02-13T04:52:04.221+0000] {processor.py:183} INFO - Processing /opt/airflow/dags/analyzer.py took 0.106 seconds
[2026-02-13T04:52:34.454+0000] {processor.py:161} INFO - Started process (PID=267) to work on /opt/airflow/dags/analyzer.py
[2026-02-13T04:52:34.456+0000] {processor.py:830} INFO - Processing file /opt/airflow/dags/analyzer.py for tasks to queue
[2026-02-13T04:52:34.458+0000] {logging_mixin.py:188} INFO - [2026-02-13T04:52:34.458+0000] {dagbag.py:545} INFO - Filling up the DagBag from /opt/airflow/dags/analyzer.py
[2026-02-13T04:52:34.478+0000] {processor.py:840} INFO - DAG(s) 'log_analyzer_pipeline' retrieved from /opt/airflow/dags/analyzer.py
[2026-02-13T04:52:34.506+0000] {logging_mixin.py:188} INFO - [2026-02-13T04:52:34.506+0000] {dag.py:3096} INFO - Sync 1 DAGs
[2026-02-13T04:52:34.520+0000] {logging_mixin.py:188} INFO - [2026-02-13T04:52:34.520+0000] {dag.py:3954} INFO - Setting next_dagrun for log_analyzer_pipeline to 2026-02-13 00:00:00+00:00, run_after=2026-02-14 00:00:00+00:00
[2026-02-13T04:52:34.528+0000] {processor.py:183} INFO - Processing /opt/airflow/dags/analyzer.py took 0.088 seconds
[2026-02-13T04:53:05.074+0000] {processor.py:161} INFO - Started process (PID=272) to work on /opt/airflow/dags/analyzer.py
[2026-02-13T04:53:05.081+0000] {processor.py:830} INFO - Processing file /opt/airflow/dags/analyzer.py for tasks to queue
[2026-02-13T04:53:05.091+0000] {logging_mixin.py:188} INFO - [2026-02-13T04:53:05.087+0000] {dagbag.py:545} INFO - Filling up the DagBag from /opt/airflow/dags/analyzer.py
[2026-02-13T04:53:05.116+0000] {processor.py:840} INFO - DAG(s) 'log_analyzer_pipeline' retrieved from /opt/airflow/dags/analyzer.py
[2026-02-13T04:53:05.160+0000] {logging_mixin.py:188} INFO - [2026-02-13T04:53:05.160+0000] {dag.py:3096} INFO - Sync 1 DAGs
[2026-02-13T04:53:05.180+0000] {logging_mixin.py:188} INFO - [2026-02-13T04:53:05.180+0000] {dag.py:3954} INFO - Setting next_dagrun for log_analyzer_pipeline to 2026-02-13 00:00:00+00:00, run_after=2026-02-14 00:00:00+00:00
[2026-02-13T04:53:05.210+0000] {processor.py:183} INFO - Processing /opt/airflow/dags/analyzer.py took 0.175 seconds
[2026-02-13T04:53:35.479+0000] {processor.py:161} INFO - Started process (PID=277) to work on /opt/airflow/dags/analyzer.py
[2026-02-13T04:53:35.481+0000] {processor.py:830} INFO - Processing file /opt/airflow/dags/analyzer.py for tasks to queue
[2026-02-13T04:53:35.486+0000] {logging_mixin.py:188} INFO - [2026-02-13T04:53:35.486+0000] {dagbag.py:545} INFO - Filling up the DagBag from /opt/airflow/dags/analyzer.py
[2026-02-13T04:53:35.504+0000] {processor.py:840} INFO - DAG(s) 'log_analyzer_pipeline' retrieved from /opt/airflow/dags/analyzer.py
[2026-02-13T04:53:35.526+0000] {logging_mixin.py:188} INFO - [2026-02-13T04:53:35.526+0000] {dag.py:3096} INFO - Sync 1 DAGs
[2026-02-13T04:53:35.543+0000] {logging_mixin.py:188} INFO - [2026-02-13T04:53:35.543+0000] {dag.py:3954} INFO - Setting next_dagrun for log_analyzer_pipeline to 2026-02-13 00:00:00+00:00, run_after=2026-02-14 00:00:00+00:00
[2026-02-13T04:53:35.559+0000] {processor.py:183} INFO - Processing /opt/airflow/dags/analyzer.py took 0.095 seconds
[2026-02-13T04:54:06.113+0000] {processor.py:161} INFO - Started process (PID=282) to work on /opt/airflow/dags/analyzer.py
[2026-02-13T04:54:06.115+0000] {processor.py:830} INFO - Processing file /opt/airflow/dags/analyzer.py for tasks to queue
[2026-02-13T04:54:06.118+0000] {logging_mixin.py:188} INFO - [2026-02-13T04:54:06.117+0000] {dagbag.py:545} INFO - Filling up the DagBag from /opt/airflow/dags/analyzer.py
[2026-02-13T04:54:06.148+0000] {processor.py:840} INFO - DAG(s) 'log_analyzer_pipeline' retrieved from /opt/airflow/dags/analyzer.py
[2026-02-13T04:54:06.189+0000] {logging_mixin.py:188} INFO - [2026-02-13T04:54:06.189+0000] {dag.py:3096} INFO - Sync 1 DAGs
[2026-02-13T04:54:06.207+0000] {logging_mixin.py:188} INFO - [2026-02-13T04:54:06.207+0000] {dag.py:3954} INFO - Setting next_dagrun for log_analyzer_pipeline to 2026-02-13 00:00:00+00:00, run_after=2026-02-14 00:00:00+00:00
[2026-02-13T04:54:06.222+0000] {processor.py:183} INFO - Processing /opt/airflow/dags/analyzer.py took 0.123 seconds
[2026-02-13T04:54:36.450+0000] {processor.py:161} INFO - Started process (PID=287) to work on /opt/airflow/dags/analyzer.py
[2026-02-13T04:54:36.452+0000] {processor.py:830} INFO - Processing file /opt/airflow/dags/analyzer.py for tasks to queue
[2026-02-13T04:54:36.454+0000] {logging_mixin.py:188} INFO - [2026-02-13T04:54:36.454+0000] {dagbag.py:545} INFO - Filling up the DagBag from /opt/airflow/dags/analyzer.py
[2026-02-13T04:54:36.468+0000] {processor.py:840} INFO - DAG(s) 'log_analyzer_pipeline' retrieved from /opt/airflow/dags/analyzer.py
[2026-02-13T04:54:36.500+0000] {logging_mixin.py:188} INFO - [2026-02-13T04:54:36.500+0000] {dag.py:3096} INFO - Sync 1 DAGs
[2026-02-13T04:54:36.522+0000] {logging_mixin.py:188} INFO - [2026-02-13T04:54:36.522+0000] {dag.py:3954} INFO - Setting next_dagrun for log_analyzer_pipeline to 2026-02-13 00:00:00+00:00, run_after=2026-02-14 00:00:00+00:00
[2026-02-13T04:54:36.531+0000] {processor.py:183} INFO - Processing /opt/airflow/dags/analyzer.py took 0.088 seconds
[2026-02-13T04:55:06.740+0000] {processor.py:161} INFO - Started process (PID=292) to work on /opt/airflow/dags/analyzer.py
[2026-02-13T04:55:06.741+0000] {processor.py:830} INFO - Processing file /opt/airflow/dags/analyzer.py for tasks to queue
[2026-02-13T04:55:06.745+0000] {logging_mixin.py:188} INFO - [2026-02-13T04:55:06.745+0000] {dagbag.py:545} INFO - Filling up the DagBag from /opt/airflow/dags/analyzer.py
[2026-02-13T04:55:06.764+0000] {processor.py:840} INFO - DAG(s) 'log_analyzer_pipeline' retrieved from /opt/airflow/dags/analyzer.py
[2026-02-13T04:55:06.801+0000] {logging_mixin.py:188} INFO - [2026-02-13T04:55:06.801+0000] {dag.py:3096} INFO - Sync 1 DAGs
[2026-02-13T04:55:06.817+0000] {logging_mixin.py:188} INFO - [2026-02-13T04:55:06.817+0000] {dag.py:3954} INFO - Setting next_dagrun for log_analyzer_pipeline to 2026-02-13 00:00:00+00:00, run_after=2026-02-14 00:00:00+00:00
[2026-02-13T04:55:06.826+0000] {processor.py:183} INFO - Processing /opt/airflow/dags/analyzer.py took 0.100 seconds
[2026-02-13T04:55:37.210+0000] {processor.py:161} INFO - Started process (PID=297) to work on /opt/airflow/dags/analyzer.py
[2026-02-13T04:55:37.210+0000] {processor.py:830} INFO - Processing file /opt/airflow/dags/analyzer.py for tasks to queue
[2026-02-13T04:55:37.212+0000] {logging_mixin.py:188} INFO - [2026-02-13T04:55:37.212+0000] {dagbag.py:545} INFO - Filling up the DagBag from /opt/airflow/dags/analyzer.py
[2026-02-13T04:55:37.232+0000] {processor.py:840} INFO - DAG(s) 'log_analyzer_pipeline' retrieved from /opt/airflow/dags/analyzer.py
[2026-02-13T04:55:37.262+0000] {logging_mixin.py:188} INFO - [2026-02-13T04:55:37.262+0000] {dag.py:3096} INFO - Sync 1 DAGs
[2026-02-13T04:55:37.280+0000] {logging_mixin.py:188} INFO - [2026-02-13T04:55:37.280+0000] {dag.py:3954} INFO - Setting next_dagrun for log_analyzer_pipeline to 2026-02-13 00:00:00+00:00, run_after=2026-02-14 00:00:00+00:00
[2026-02-13T04:55:37.290+0000] {processor.py:183} INFO - Processing /opt/airflow/dags/analyzer.py took 0.085 seconds
[2026-02-13T04:56:07.853+0000] {processor.py:161} INFO - Started process (PID=333) to work on /opt/airflow/dags/analyzer.py
[2026-02-13T04:56:07.878+0000] {processor.py:830} INFO - Processing file /opt/airflow/dags/analyzer.py for tasks to queue
[2026-02-13T04:56:07.881+0000] {logging_mixin.py:188} INFO - [2026-02-13T04:56:07.879+0000] {dagbag.py:545} INFO - Filling up the DagBag from /opt/airflow/dags/analyzer.py
[2026-02-13T04:56:07.997+0000] {processor.py:840} INFO - DAG(s) 'log_analyzer_pipeline' retrieved from /opt/airflow/dags/analyzer.py
[2026-02-13T04:56:08.096+0000] {logging_mixin.py:188} INFO - [2026-02-13T04:56:08.096+0000] {dag.py:3096} INFO - Sync 1 DAGs
